INFO 2026-07-16 09:30:41,050 Auth info was exported to ./.tmp/auth_info.json D:\a\neutralinojs\neutralinojs\api\debug\debug.cpp:14 ZionyasVan@ÎŇµÄWINDOWS10-1
ERROR 2026-07-16 09:30:53,116 NE_RS_UNBLDRE: Unable to load application resource file /resources/.well-known/appspecific/com.chrome.devtools.json D:\a\neutralinojs\neutralinojs\api\debug\debug.cpp:17 ZionyasVan@ÎŇµÄWINDOWS10-1
ERROR 2026-07-16 09:30:53,143 NE_RS_UNBLDRE: Unable to load application resource file /resources/favicon.ico D:\a\neutralinojs\neutralinojs\api\debug\debug.cpp:17 ZionyasVan@ÎŇµÄWINDOWS10-1
INFO 2026-07-16 09:39:05,817 Auth info was exported to ./.tmp/auth_info.json D:\a\neutralinojs\neutralinojs\api\debug\debug.cpp:14 ZionyasVan@ÎŇµÄWINDOWS10-1
ERROR 2026-07-16 09:39:16,763 NE_RS_UNBLDRE: Unable to load application resource file /resources/favicon.ico D:\a\neutralinojs\neutralinojs\api\debug\debug.cpp:17 ZionyasVan@ÎŇµÄWINDOWS10-1
ERROR 2026-07-16 09:39:17,653 NE_RS_UNBLDRE: Unable to load application resource file /resources/.well-known/appspecific/com.chrome.devtools.json D:\a\neutralinojs\neutralinojs\api\debug\debug.cpp:17 ZionyasVan@ÎŇµÄWINDOWS10-1
INFO 2026-07-16 09:39:36,285 Reloading the application... D:\a\neutralinojs\neutralinojs\api\debug\debug.cpp:14 ZionyasVan@ÎŇµÄWINDOWS10-1
INFO 2026-07-16 09:39:36,290 Reloading the application... D:\a\neutralinojs\neutralinojs\api\debug\debug.cpp:14 ZionyasVan@ÎŇµÄWINDOWS10-1
ERROR 2026-07-16 09:39:36,413 NE_RS_UNBLDRE: Unable to load application resource file /resources/neutralino.js D:\a\neutralinojs\neutralinojs\api\debug\debug.cpp:17 ZionyasVan@ÎŇµÄWINDOWS10-1
ERROR 2026-07-16 09:39:36,422 NE_RS_UNBLDRE: Unable to load application resource file /resources/main.js D:\a\neutralinojs\neutralinojs\api\debug\debug.cpp:17 ZionyasVan@ÎŇµÄWINDOWS10-1
ERROR 2026-07-16 09:39:36,676 NE_RS_UNBLDRE: Unable to load application resource file /resources/.well-known/appspecific/com.chrome.devtools.json D:\a\neutralinojs\neutralinojs\api\debug\debug.cpp:17 ZionyasVan@ÎŇµÄWINDOWS10-1
ERROR 2026-07-16 09:43:19,886 NE_RS_UNBLDRE: Unable to load application resource file /resources/.well-known/appspecific/com.chrome.devtools.json D:\a\neutralinojs\neutralinojs\api\debug\debug.cpp:17 ZionyasVan@ÎŇµÄWINDOWS10-1
ERROR 2026-07-16 09:43:19,964 NE_RS_UNBLDRE: Unable to load application resource file /resources/neutralino.js D:\a\neutralinojs\neutralinojs\api\debug\debug.cpp:17 ZionyasVan@ÎŇµÄWINDOWS10-1
ERROR 2026-07-16 09:43:20,011 NE_RS_UNBLDRE: Unable to load application resource file /resources/main.js D:\a\neutralinojs\neutralinojs\api\debug\debug.cpp:17 ZionyasVan@ÎŇµÄWINDOWS10-1
ERROR 2026-07-16 09:46:48,776 NE_RS_UNBLDRE: Unable to load application resource file /resources/neutralino.js D:\a\neutralinojs\neutralinojs\api\debug\debug.cpp:17 ZionyasVan@ÎŇµÄWINDOWS10-1
ERROR 2026-07-16 09:46:48,955 NE_RS_UNBLDRE: Unable to load application resource file /resources/.well-known/appspecific/com.chrome.devtools.json D:\a\neutralinojs\neutralinojs\api\debug\debug.cpp:17 ZionyasVan@ÎŇµÄWINDOWS10-1
ERROR 2026-07-16 09:46:50,344 NE_RS_UNBLDRE: Unable to load application resource file /resources/neutralino.js D:\a\neutralinojs\neutralinojs\api\debug\debug.cpp:17 ZionyasVan@ÎŇµÄWINDOWS10-1
ERROR 2026-07-16 09:46:50,531 NE_RS_UNBLDRE: Unable to load application resource file /resources/.well-known/appspecific/com.chrome.devtools.json D:\a\neutralinojs\neutralinojs\api\debug\debug.cpp:17 ZionyasVan@ÎŇµÄWINDOWS10-1
ERROR 2026-07-16 09:47:11,216 NE_RS_UNBLDRE: Unable to load application resource file /resources/neutralino.js D:\a\neutralinojs\neutralinojs\api\debug\debug.cpp:17 ZionyasVan@ÎŇµÄWINDOWS10-1
ERROR 2026-07-16 09:47:11,519 NE_RS_UNBLDRE: Unable to load application resource file /resources/.well-known/appspecific/com.chrome.devtools.json D:\a\neutralinojs\neutralinojs\api\debug\debug.cpp:17 ZionyasVan@ÎŇµÄWINDOWS10-1
ERROR 2026-07-16 10:01:35,928 NE_RS_UNBLDRE: Unable to load application resource file /resources/neutralino.js D:\a\neutralinojs\neutralinojs\api\debug\debug.cpp:17 ZionyasVan@ÎŇµÄWINDOWS10-1
ERROR 2026-07-16 10:01:36,193 NE_RS_UNBLDRE: Unable to load application resource file /resources/.well-known/appspecific/com.chrome.devtools.json D:\a\neutralinojs\neutralinojs\api\debug\debug.cpp:17 ZionyasVan@ÎŇµÄWINDOWS10-1
ERROR 2026-07-16 10:02:15,012 NE_RS_UNBLDRE: Unable to load application resource file /resources/neutralino.js D:\a\neutralinojs\neutralinojs\api\debug\debug.cpp:17 ZionyasVan@ÎŇµÄWINDOWS10-1
ERROR 2026-07-16 10:02:15,421 NE_RS_UNBLDRE: Unable to load application resource file /resources/.well-known/appspecific/com.chrome.devtools.json D:\a\neutralinojs\neutralinojs\api\debug\debug.cpp:17 ZionyasVan@ÎŇµÄWINDOWS10-1
ERROR 2026-07-16 10:07:14,149 NE_RS_UNBLDRE: Unable to load application resource file /resources/neutralino.js D:\a\neutralinojs\neutralinojs\api\debug\debug.cpp:17 ZionyasVan@ÎŇµÄWINDOWS10-1
ERROR 2026-07-16 10:15:03,509 NE_RS_UNBLDRE: Unable to load application resource file /resources/neutralino.js D:\a\neutralinojs\neutralinojs\api\debug\debug.cpp:17 ZionyasVan@ÎŇµÄWINDOWS10-1
ERROR 2026-07-16 10:15:57,721 NE_RS_UNBLDRE: Unable to load application resource file /resources/neutralino.js D:\a\neutralinojs\neutralinojs\api\debug\debug.cpp:17 ZionyasVan@ÎŇµÄWINDOWS10-1
ERROR 2026-07-16 10:24:27,108 NE_RS_UNBLDRE: Unable to load application resource file /resources/neutralino.js D:\a\neutralinojs\neutralinojs\api\debug\debug.cpp:17 ZionyasVan@ÎŇµÄWINDOWS10-1
ERROR 2026-07-16 10:26:36,035 NE_RS_UNBLDRE: Unable to load application resource file /resources/neutralino.js D:\a\neutralinojs\neutralinojs\api\debug\debug.cpp:17 ZionyasVan@ÎŇµÄWINDOWS10-1
ERROR 2026-07-16 10:31:52,441 NE_RS_UNBLDRE: Unable to load application resource file /resources/neutralino.js D:\a\neutralinojs\neutralinojs\api\debug\debug.cpp:17 ZionyasVan@ÎŇµÄWINDOWS10-1
ERROR 2026-07-16 10:53:11,523 NE_RS_UNBLDRE: Unable to load application resource file /resources/neutralino.js D:\a\neutralinojs\neutralinojs\api\debug\debug.cpp:17 ZionyasVan@ÎŇµÄWINDOWS10-1
ERROR 2026-07-16 10:53:34,957 NE_RS_UNBLDRE: Unable to load application resource file /resources/neutralino.js D:\a\neutralinojs\neutralinojs\api\debug\debug.cpp:17 ZionyasVan@ÎŇµÄWINDOWS10-1
ERROR 2026-07-16 10:58:39,985 NE_RS_UNBLDRE: Unable to load application resource file /resources/neutralino.js D:\a\neutralinojs\neutralinojs\api\debug\debug.cpp:17 ZionyasVan@ÎŇµÄWINDOWS10-1
ERROR 2026-07-16 11:07:05,437 NE_RS_UNBLDRE: Unable to load application resource file /resources/neutralino.js D:\a\neutralinojs\neutralinojs\api\debug\debug.cpp:17 ZionyasVan@ÎŇµÄWINDOWS10-1
ERROR 2026-07-16 11:07:09,337 NE_RS_UNBLDRE: Unable to load application resource file /resources/neutralino.js D:\a\neutralinojs\neutralinojs\api\debug\debug.cpp:17 ZionyasVan@ÎŇµÄWINDOWS10-1
ERROR 2026-07-16 11:07:35,862 NE_RS_UNBLDRE: Unable to load application resource file /resources/neutralino.js D:\a\neutralinojs\neutralinojs\api\debug\debug.cpp:17 ZionyasVan@ÎŇµÄWINDOWS10-1
ERROR 2026-07-16 11:14:25,548 NE_RS_UNBLDRE: Unable to load application resource file /resources/neutralino.js D:\a\neutralinojs\neutralinojs\api\debug\debug.cpp:17 ZionyasVan@ÎŇµÄWINDOWS10-1
ERROR 2026-07-16 11:14:28,873 NE_RS_UNBLDRE: Unable to load application resource file /resources/neutralino.js D:\a\neutralinojs\neutralinojs\api\debug\debug.cpp:17 ZionyasVan@ÎŇµÄWINDOWS10-1
ERROR 2026-07-16 11:14:38,174 NE_RS_UNBLDRE: Unable to load application resource file /resources/neutralino.js D:\a\neutralinojs\neutralinojs\api\debug\debug.cpp:17 ZionyasVan@ÎŇµÄWINDOWS10-1
ERROR 2026-07-16 11:16:10,562 NE_RS_UNBLDRE: Unable to load application resource file /resources/.well-known/appspecific/com.chrome.devtools.json D:\a\neutralinojs\neutralinojs\api\debug\debug.cpp:17 ZionyasVan@ÎŇµÄWINDOWS10-1
ERROR 2026-07-16 11:17:07,278 NE_RS_UNBLDRE: Unable to load application resource file /resources/neutralino.js D:\a\neutralinojs\neutralinojs\api\debug\debug.cpp:17 ZionyasVan@ÎŇµÄWINDOWS10-1
ERROR 2026-07-16 11:17:07,620 NE_RS_UNBLDRE: Unable to load application resource file /resources/.well-known/appspecific/com.chrome.devtools.json D:\a\neutralinojs\neutralinojs\api\debug\debug.cpp:17 ZionyasVan@ÎŇµÄWINDOWS10-1
INFO 2026-07-16 11:29:38,774 Reloading the application... D:\a\neutralinojs\neutralinojs\api\debug\debug.cpp:14 ZionyasVan@ÎŇµÄWINDOWS10-1
INFO 2026-07-16 11:30:40,157 Reloading the application... D:\a\neutralinojs\neutralinojs\api\debug\debug.cpp:14 ZionyasVan@ÎŇµÄWINDOWS10-1
INFO 2026-07-16 11:31:20,281 Reloading the application... D:\a\neutralinojs\neutralinojs\api\debug\debug.cpp:14 ZionyasVan@ÎŇµÄWINDOWS10-1
INFO 2026-07-16 11:31:50,663 Reloading the application... D:\a\neutralinojs\neutralinojs\api\debug\debug.cpp:14 ZionyasVan@ÎŇµÄWINDOWS10-1
INFO 2026-07-16 11:35:05,301 Auth info was exported to ./.tmp/auth_info.json D:\a\neutralinojs\neutralinojs\api\debug\debug.cpp:14 ZionyasVan@ÎŇµÄWINDOWS10-1
ERROR 2026-07-16 11:35:15,948 NE_RS_UNBLDRE: Unable to load application resource file /resources/favicon.ico D:\a\neutralinojs\neutralinojs\api\debug\debug.cpp:17 ZionyasVan@ÎŇµÄWINDOWS10-1
ERROR 2026-07-16 11:35:21,440 NE_RS_UNBLDRE: Unable to load application resource file /resources/.well-known/appspecific/com.chrome.devtools.json D:\a\neutralinojs\neutralinojs\api\debug\debug.cpp:17 ZionyasVan@ÎŇµÄWINDOWS10-1
INFO 2026-07-16 11:36:37,867 Auth info was exported to ./.tmp/auth_info.json D:\a\neutralinojs\neutralinojs\api\debug\debug.cpp:14 ZionyasVan@ÎŇµÄWINDOWS10-1
ERROR 2026-07-16 11:36:45,477 NE_RS_UNBLDRE: Unable to load application resource file /resources/favicon.ico D:\a\neutralinojs\neutralinojs\api\debug\debug.cpp:17 ZionyasVan@ÎŇµÄWINDOWS10-1
ERROR 2026-07-16 11:36:45,624 NE_RS_UNBLDRE: Unable to load application resource file /resources/.well-known/appspecific/com.chrome.devtools.json D:\a\neutralinojs\neutralinojs\api\debug\debug.cpp:17 ZionyasVan@ÎŇµÄWINDOWS10-1
INFO 2026-07-16 11:47:49,162 Auth info was exported to ./.tmp/auth_info.json D:\a\neutralinojs\neutralinojs\api\debug\debug.cpp:14 ZionyasVan@ÎŇµÄWINDOWS10-1
ERROR 2026-07-16 11:47:54,366 NE_RS_UNBLDRE: Unable to load application resource file /resources/favicon.ico D:\a\neutralinojs\neutralinojs\api\debug\debug.cpp:17 ZionyasVan@ÎŇµÄWINDOWS10-1
INFO 2026-07-16 12:00:08,679 Reloading the application... D:\a\neutralinojs\neutralinojs\api\debug\debug.cpp:14 ZionyasVan@ÎŇµÄWINDOWS10-1
INFO 2026-07-16 12:08:07,530 Reloading the application... D:\a\neutralinojs\neutralinojs\api\debug\debug.cpp:14 ZionyasVan@ÎŇµÄWINDOWS10-1
INFO 2026-07-16 12:10:12,972 Reloading the application... D:\a\neutralinojs\neutralinojs\api\debug\debug.cpp:14 ZionyasVan@ÎŇµÄWINDOWS10-1
INFO 2026-07-16 12:10:45,666 Reloading the application... D:\a\neutralinojs\neutralinojs\api\debug\debug.cpp:14 ZionyasVan@ÎŇµÄWINDOWS10-1
INFO 2026-07-16 12:11:07,584 Reloading the application... D:\a\neutralinojs\neutralinojs\api\debug\debug.cpp:14 ZionyasVan@ÎŇµÄWINDOWS10-1
INFO 2026-07-16 12:17:57,072 Reloading the application... D:\a\neutralinojs\neutralinojs\api\debug\debug.cpp:14 ZionyasVan@ÎŇµÄWINDOWS10-1
INFO 2026-07-16 12:20:13,867 Reloading the application... D:\a\neutralinojs\neutralinojs\api\debug\debug.cpp:14 ZionyasVan@ÎŇµÄWINDOWS10-1
INFO 2026-07-16 12:20:49,342 Reloading the application... D:\a\neutralinojs\neutralinojs\api\debug\debug.cpp:14 ZionyasVan@ÎŇµÄWINDOWS10-1
INFO 2026-07-16 12:21:04,974 Reloading the application... D:\a\neutralinojs\neutralinojs\api\debug\debug.cpp:14 ZionyasVan@ÎŇµÄWINDOWS10-1
INFO 2026-07-16 12:22:53,662 Reloading the application... D:\a\neutralinojs\neutralinojs\api\debug\debug.cpp:14 ZionyasVan@ÎŇµÄWINDOWS10-1
INFO 2026-07-16 12:30:02,526 Reloading the application... D:\a\neutralinojs\neutralinojs\api\debug\debug.cpp:14 ZionyasVan@ÎŇµÄWINDOWS10-1
INFO 2026-07-16 12:30:02,531 Reloading the application... D:\a\neutralinojs\neutralinojs\api\debug\debug.cpp:14 ZionyasVan@ÎŇµÄWINDOWS10-1
INFO 2026-07-16 12:37:22,597 Reloading the application... D:\a\neutralinojs\neutralinojs\api\debug\debug.cpp:14 ZionyasVan@ÎŇµÄWINDOWS10-1
INFO 2026-07-16 12:37:25,853 Reloading the application... D:\a\neutralinojs\neutralinojs\api\debug\debug.cpp:14 ZionyasVan@ÎŇµÄWINDOWS10-1
INFO 2026-07-16 12:37:25,857 Reloading the application... D:\a\neutralinojs\neutralinojs\api\debug\debug.cpp:14 ZionyasVan@ÎŇµÄWINDOWS10-1
INFO 2026-07-16 12:40:04,006 Reloading the application... D:\a\neutralinojs\neutralinojs\api\debug\debug.cpp:14 ZionyasVan@ÎŇµÄWINDOWS10-1
INFO 2026-07-16 12:44:14,291 Reloading the application... D:\a\neutralinojs\neutralinojs\api\debug\debug.cpp:14 ZionyasVan@ÎŇµÄWINDOWS10-1
INFO 2026-07-16 12:57:14,712 Reloading the application... D:\a\neutralinojs\neutralinojs\api\debug\debug.cpp:14 ZionyasVan@ÎŇµÄWINDOWS10-1
INFO 2026-07-16 12:58:03,086 Reloading the application... D:\a\neutralinojs\neutralinojs\api\debug\debug.cpp:14 ZionyasVan@ÎŇµÄWINDOWS10-1
INFO 2026-07-16 12:58:03,096 Reloading the application... D:\a\neutralinojs\neutralinojs\api\debug\debug.cpp:14 ZionyasVan@ÎŇµÄWINDOWS10-1
INFO 2026-07-16 12:58:03,144 Reloading the application... D:\a\neutralinojs\neutralinojs\api\debug\debug.cpp:14 ZionyasVan@ÎŇµÄWINDOWS10-1
INFO 2026-07-16 13:09:42,949 Reloading the application... D:\a\neutralinojs\neutralinojs\api\debug\debug.cpp:14 ZionyasVan@ÎŇµÄWINDOWS10-1
INFO 2026-07-16 13:09:42,960 Reloading the application... D:\a\neutralinojs\neutralinojs\api\debug\debug.cpp:14 ZionyasVan@ÎŇµÄWINDOWS10-1
INFO 2026-07-16 13:09:58,454 Reloading the application... D:\a\neutralinojs\neutralinojs\api\debug\debug.cpp:14 ZionyasVan@ÎŇµÄWINDOWS10-1
INFO 2026-07-16 13:21:03,720 Reloading the application... D:\a\neutralinojs\neutralinojs\api\debug\debug.cpp:14 ZionyasVan@ÎŇµÄWINDOWS10-1
INFO 2026-07-16 13:21:04,187 Reloading the application... D:\a\neutralinojs\neutralinojs\api\debug\debug.cpp:14 ZionyasVan@ÎŇµÄWINDOWS10-1
INFO 2026-07-16 13:21:04,212 Reloading the application... D:\a\neutralinojs\neutralinojs\api\debug\debug.cpp:14 ZionyasVan@ÎŇµÄWINDOWS10-1
INFO 2026-07-16 13:36:52,307 Reloading the application... D:\a\neutralinojs\neutralinojs\api\debug\debug.cpp:14 ZionyasVan@ÎŇµÄWINDOWS10-1
INFO 2026-07-16 13:36:52,546 Reloading the application... D:\a\neutralinojs\neutralinojs\api\debug\debug.cpp:14 ZionyasVan@ÎŇµÄWINDOWS10-1
INFO 2026-07-16 13:37:50,500 Reloading the application... D:\a\neutralinojs\neutralinojs\api\debug\debug.cpp:14 ZionyasVan@ÎŇµÄWINDOWS10-1
INFO 2026-07-16 13:38:55,727 Reloading the application... D:\a\neutralinojs\neutralinojs\api\debug\debug.cpp:14 ZionyasVan@ÎŇµÄWINDOWS10-1
INFO 2026-07-16 14:06:18,601 Auth info was exported to ./.tmp/auth_info.json D:\a\neutralinojs\neutralinojs\api\debug\debug.cpp:14 ZionyasVan@ÎŇµÄWINDOWS10-1
ERROR 2026-07-16 14:06:26,243 NE_RS_UNBLDRE: Unable to load application resource file /resources/favicon.ico D:\a\neutralinojs\neutralinojs\api\debug\debug.cpp:17 ZionyasVan@ÎŇµÄWINDOWS10-1
ERROR 2026-07-16 14:06:51,046 NE_RS_UNBLDRE: Unable to load application resource file /resources/.well-known/appspecific/com.chrome.devtools.json D:\a\neutralinojs\neutralinojs\api\debug\debug.cpp:17 ZionyasVan@ÎŇµÄWINDOWS10-1
INFO 2026-07-16 14:10:33,728 Reloading the application... D:\a\neutralinojs\neutralinojs\api\debug\debug.cpp:14 ZionyasVan@ÎŇµÄWINDOWS10-1
INFO 2026-07-16 14:13:10,729 Reloading the application... D:\a\neutralinojs\neutralinojs\api\debug\debug.cpp:14 ZionyasVan@ÎŇµÄWINDOWS10-1
INFO 2026-07-16 14:21:02,402 Reloading the application... D:\a\neutralinojs\neutralinojs\api\debug\debug.cpp:14 ZionyasVan@ÎŇµÄWINDOWS10-1
INFO 2026-07-16 14:21:02,430 Reloading the application... D:\a\neutralinojs\neutralinojs\api\debug\debug.cpp:14 ZionyasVan@ÎŇµÄWINDOWS10-1
INFO 2026-07-16 14:21:02,433 Reloading the application... D:\a\neutralinojs\neutralinojs\api\debug\debug.cpp:14 ZionyasVan@ÎŇµÄWINDOWS10-1
INFO 2026-07-16 14:22:59,119 Auth info was exported to ./.tmp/auth_info.json D:\a\neutralinojs\neutralinojs\api\debug\debug.cpp:14 ZionyasVan@ÎŇµÄWINDOWS10-1
ERROR 2026-07-16 14:23:05,982 NE_RS_UNBLDRE: Unable to load application resource file /resources/favicon.ico D:\a\neutralinojs\neutralinojs\api\debug\debug.cpp:17 ZionyasVan@ÎŇµÄWINDOWS10-1
INFO 2026-07-16 14:30:48,448 Reloading the application... D:\a\neutralinojs\neutralinojs\api\debug\debug.cpp:14 ZionyasVan@ÎŇµÄWINDOWS10-1
INFO 2026-07-16 14:32:35,670 Reloading the application... D:\a\neutralinojs\neutralinojs\api\debug\debug.cpp:14 ZionyasVan@ÎŇµÄWINDOWS10-1
INFO 2026-07-16 14:37:17,378 Reloading the application... D:\a\neutralinojs\neutralinojs\api\debug\debug.cpp:14 ZionyasVan@ÎŇµÄWINDOWS10-1
INFO 2026-07-16 14:42:26,018 Reloading the application... D:\a\neutralinojs\neutralinojs\api\debug\debug.cpp:14 ZionyasVan@ÎŇµÄWINDOWS10-1
INFO 2026-07-16 14:42:53,584 Reloading the application... D:\a\neutralinojs\neutralinojs\api\debug\debug.cpp:14 ZionyasVan@ÎŇµÄWINDOWS10-1
INFO 2026-07-16 14:44:19,953 Reloading the application... D:\a\neutralinojs\neutralinojs\api\debug\debug.cpp:14 ZionyasVan@ÎŇµÄWINDOWS10-1
INFO 2026-07-16 14:49:41,945 Reloading the application... D:\a\neutralinojs\neutralinojs\api\debug\debug.cpp:14 ZionyasVan@ÎŇµÄWINDOWS10-1
INFO 2026-07-16 14:51:56,883 Reloading the application... D:\a\neutralinojs\neutralinojs\api\debug\debug.cpp:14 ZionyasVan@ÎŇµÄWINDOWS10-1
INFO 2026-07-16 14:51:56,899 Reloading the application... D:\a\neutralinojs\neutralinojs\api\debug\debug.cpp:14 ZionyasVan@ÎŇµÄWINDOWS10-1
INFO 2026-07-16 14:56:24,237 Reloading the application... D:\a\neutralinojs\neutralinojs\api\debug\debug.cpp:14 ZionyasVan@ÎŇµÄWINDOWS10-1
INFO 2026-07-16 14:58:57,886 Reloading the application... D:\a\neutralinojs\neutralinojs\api\debug\debug.cpp:14 ZionyasVan@ÎŇµÄWINDOWS10-1
INFO 2026-07-16 14:58:57,895 Reloading the application... D:\a\neutralinojs\neutralinojs\api\debug\debug.cpp:14 ZionyasVan@ÎŇµÄWINDOWS10-1
INFO 2026-07-16 14:58:57,899 Reloading the application... D:\a\neutralinojs\neutralinojs\api\debug\debug.cpp:14 ZionyasVan@ÎŇµÄWINDOWS10-1
INFO 2026-07-16 15:11:23,012 Reloading the application... D:\a\neutralinojs\neutralinojs\api\debug\debug.cpp:14 ZionyasVan@ÎŇµÄWINDOWS10-1
INFO 2026-07-16 15:11:23,039 Reloading the application... D:\a\neutralinojs\neutralinojs\api\debug\debug.cpp:14 ZionyasVan@ÎŇµÄWINDOWS10-1
INFO 2026-07-16 15:12:22,585 Reloading the application... D:\a\neutralinojs\neutralinojs\api\debug\debug.cpp:14 ZionyasVan@ÎŇµÄWINDOWS10-1
INFO 2026-07-16 15:13:25,151 Reloading the application... D:\a\neutralinojs\neutralinojs\api\debug\debug.cpp:14 ZionyasVan@ÎŇµÄWINDOWS10-1
INFO 2026-07-16 15:22:45,124 Reloading the application... D:\a\neutralinojs\neutralinojs\api\debug\debug.cpp:14 ZionyasVan@ÎŇµÄWINDOWS10-1
INFO 2026-07-16 15:22:45,134 Reloading the application... D:\a\neutralinojs\neutralinojs\api\debug\debug.cpp:14 ZionyasVan@ÎŇµÄWINDOWS10-1
INFO 2026-07-16 15:25:16,061 Reloading the application... D:\a\neutralinojs\neutralinojs\api\debug\debug.cpp:14 ZionyasVan@ÎŇµÄWINDOWS10-1
INFO 2026-07-16 15:26:12,502 Reloading the application... D:\a\neutralinojs\neutralinojs\api\debug\debug.cpp:14 ZionyasVan@ÎŇµÄWINDOWS10-1
INFO 2026-07-16 15:27:48,591 Reloading the application... D:\a\neutralinojs\neutralinojs\api\debug\debug.cpp:14 ZionyasVan@ÎŇµÄWINDOWS10-1
INFO 2026-07-16 15:35:10,794 Reloading the application... D:\a\neutralinojs\neutralinojs\api\debug\debug.cpp:14 ZionyasVan@ÎŇµÄWINDOWS10-1
INFO 2026-07-16 15:35:10,806 Reloading the application... D:\a\neutralinojs\neutralinojs\api\debug\debug.cpp:14 ZionyasVan@ÎŇµÄWINDOWS10-1
INFO 2026-07-16 15:37:37,649 Reloading the application... D:\a\neutralinojs\neutralinojs\api\debug\debug.cpp:14 ZionyasVan@ÎŇµÄWINDOWS10-1
INFO 2026-07-16 15:38:15,123 Reloading the application... D:\a\neutralinojs\neutralinojs\api\debug\debug.cpp:14 ZionyasVan@ÎŇµÄWINDOWS10-1
INFO 2026-07-16 15:47:08,342 Reloading the application... D:\a\neutralinojs\neutralinojs\api\debug\debug.cpp:14 ZionyasVan@ÎŇµÄWINDOWS10-1
INFO 2026-07-16 15:49:11,941 Reloading the application... D:\a\neutralinojs\neutralinojs\api\debug\debug.cpp:14 ZionyasVan@ÎŇµÄWINDOWS10-1
INFO 2026-07-16 15:51:09,555 Auth info was exported to ./.tmp/auth_info.json D:\a\neutralinojs\neutralinojs\api\debug\debug.cpp:14 ZionyasVan@ÎŇµÄWINDOWS10-1
ERROR 2026-07-16 15:51:16,908 NE_RS_UNBLDRE: Unable to load application resource file /resources/favicon.ico D:\a\neutralinojs\neutralinojs\api\debug\debug.cpp:17 ZionyasVan@ÎŇµÄWINDOWS10-1
INFO 2026-07-16 16:05:18,734 Reloading the application... D:\a\neutralinojs\neutralinojs\api\debug\debug.cpp:14 ZionyasVan@ÎŇµÄWINDOWS10-1
INFO 2026-07-16 16:05:46,519 Reloading the application... D:\a\neutralinojs\neutralinojs\api\debug\debug.cpp:14 ZionyasVan@ÎŇµÄWINDOWS10-1
INFO 2026-07-16 16:07:50,734 Reloading the application... D:\a\neutralinojs\neutralinojs\api\debug\debug.cpp:14 ZionyasVan@ÎŇµÄWINDOWS10-1
INFO 2026-07-16 16:09:12,555 Reloading the application... D:\a\neutralinojs\neutralinojs\api\debug\debug.cpp:14 ZionyasVan@ÎŇµÄWINDOWS10-1
INFO 2026-07-16 16:17:16,574 Reloading the application... D:\a\neutralinojs\neutralinojs\api\debug\debug.cpp:14 ZionyasVan@ÎŇµÄWINDOWS10-1
INFO 2026-07-16 16:17:28,600 Reloading the application... D:\a\neutralinojs\neutralinojs\api\debug\debug.cpp:14 ZionyasVan@ÎŇµÄWINDOWS10-1
INFO 2026-07-16 16:18:22,232 Reloading the application... D:\a\neutralinojs\neutralinojs\api\debug\debug.cpp:14 ZionyasVan@ÎŇµÄWINDOWS10-1
INFO 2026-07-16 16:20:02,374 Reloading the application... D:\a\neutralinojs\neutralinojs\api\debug\debug.cpp:14 ZionyasVan@ÎŇµÄWINDOWS10-1
INFO 2026-07-16 16:27:20,656 Reloading the application... D:\a\neutralinojs\neutralinojs\api\debug\debug.cpp:14 ZionyasVan@ÎŇµÄWINDOWS10-1
INFO 2026-07-16 16:28:17,332 Reloading the application... D:\a\neutralinojs\neutralinojs\api\debug\debug.cpp:14 ZionyasVan@ÎŇµÄWINDOWS10-1
INFO 2026-07-16 16:46:48,472 Reloading the application... D:\a\neutralinojs\neutralinojs\api\debug\debug.cpp:14 ZionyasVan@ÎŇµÄWINDOWS10-1
INFO 2026-07-16 16:59:38,727 Reloading the application... D:\a\neutralinojs\neutralinojs\api\debug\debug.cpp:14 ZionyasVan@ÎŇµÄWINDOWS10-1
INFO 2026-07-16 16:59:38,732 Reloading the application... D:\a\neutralinojs\neutralinojs\api\debug\debug.cpp:14 ZionyasVan@ÎŇµÄWINDOWS10-1
INFO 2026-07-16 17:03:05,504 Reloading the application... D:\a\neutralinojs\neutralinojs\api\debug\debug.cpp:14 ZionyasVan@ÎŇµÄWINDOWS10-1
INFO 2026-07-16 17:06:43,052 Reloading the application... D:\a\neutralinojs\neutralinojs\api\debug\debug.cpp:14 ZionyasVan@ÎŇµÄWINDOWS10-1
INFO 2026-07-16 17:07:20,634 Auth info was exported to ./.tmp/auth_info.json D:\a\neutralinojs\neutralinojs\api\debug\debug.cpp:14 ZionyasVan@ÎŇµÄWINDOWS10-1
ERROR 2026-07-16 17:07:32,437 NE_RS_UNBLDRE: Unable to load application resource file /resources/favicon.ico D:\a\neutralinojs\neutralinojs\api\debug\debug.cpp:17 ZionyasVan@ÎŇµÄWINDOWS10-1
ERROR 2026-07-16 17:07:33,128 NE_RS_UNBLDRE: Unable to load application resource file /resources/.well-known/appspecific/com.chrome.devtools.json D:\a\neutralinojs\neutralinojs\api\debug\debug.cpp:17 ZionyasVan@ÎŇµÄWINDOWS10-1
INFO 2026-07-16 17:13:52,469 Reloading the application... D:\a\neutralinojs\neutralinojs\api\debug\debug.cpp:14 ZionyasVan@ÎŇµÄWINDOWS10-1
INFO 2026-07-16 17:19:22,103 Reloading the application... D:\a\neutralinojs\neutralinojs\api\debug\debug.cpp:14 ZionyasVan@ÎŇµÄWINDOWS10-1
INFO 2026-07-16 17:23:26,366 Reloading the application... D:\a\neutralinojs\neutralinojs\api\debug\debug.cpp:14 ZionyasVan@ÎŇµÄWINDOWS10-1
INFO 2026-07-16 17:24:07,630 Reloading the application... D:\a\neutralinojs\neutralinojs\api\debug\debug.cpp:14 ZionyasVan@ÎŇµÄWINDOWS10-1
INFO 2026-07-16 18:00:32,552 Reloading the application... D:\a\neutralinojs\neutralinojs\api\debug\debug.cpp:14 ZionyasVan@ÎŇµÄWINDOWS10-1
INFO 2026-07-16 18:09:56,614 Auth info was exported to ./.tmp/auth_info.json D:\a\neutralinojs\neutralinojs\api\debug\debug.cpp:14 ZionyasVan@ÎŇµÄWINDOWS10-1
ERROR 2026-07-16 18:10:05,225 NE_RS_UNBLDRE: Unable to load application resource file /resources/favicon.ico D:\a\neutralinojs\neutralinojs\api\debug\debug.cpp:17 ZionyasVan@ÎŇµÄWINDOWS10-1
ERROR 2026-07-16 18:10:05,344 NE_RS_UNBLDRE: Unable to load application resource file /resources/.well-known/appspecific/com.chrome.devtools.json D:\a\neutralinojs\neutralinojs\api\debug\debug.cpp:17 ZionyasVan@ÎŇµÄWINDOWS10-1
INFO 2026-07-16 18:16:00,247 Reloading the application... D:\a\neutralinojs\neutralinojs\api\debug\debug.cpp:14 ZionyasVan@ÎŇµÄWINDOWS10-1
INFO 2026-07-16 18:19:16,334 Reloading the application... D:\a\neutralinojs\neutralinojs\api\debug\debug.cpp:14 ZionyasVan@ÎŇµÄWINDOWS10-1
ERROR 2026-07-16 18:19:27,792 NE_RS_UNBLDRE: Unable to load application resource file /resources/htçš„tps://contrib.rocks/image D:\a\neutralinojs\neutralinojs\api\debug\debug.cpp:17 ZionyasVan@ÎŇµÄWINDOWS10-1
INFO 2026-07-16 18:20:06,177 Reloading the application... D:\a\neutralinojs\neutralinojs\api\debug\debug.cpp:14 ZionyasVan@ÎŇµÄWINDOWS10-1
ERROR 2026-07-16 18:20:10,159 NE_RS_UNBLDRE: Unable to load application resource file /resources/htçš„tps://contrib.rocks/image D:\a\neutralinojs\neutralinojs\api\debug\debug.cpp:17 ZionyasVan@ÎŇµÄWINDOWS10-1
ERROR 2026-07-16 18:20:11,871 NE_RS_UNBLDRE: Unable to load application resource file /resources/htçš„tps://contrib.rocks/image D:\a\neutralinojs\neutralinojs\api\debug\debug.cpp:17 ZionyasVan@ÎŇµÄWINDOWS10-1
ERROR 2026-07-16 18:20:12,042 NE_RS_UNBLDRE: Unable to load application resource file /resources/htçš„tps://contrib.rocks/image D:\a\neutralinojs\neutralinojs\api\debug\debug.cpp:17 ZionyasVan@ÎŇµÄWINDOWS10-1
ERROR 2026-07-16 18:20:12,261 NE_RS_UNBLDRE: Unable to load application resource file /resources/htçš„tps://contrib.rocks/image D:\a\neutralinojs\neutralinojs\api\debug\debug.cpp:17 ZionyasVan@ÎŇµÄWINDOWS10-1
ERROR 2026-07-16 18:22:23,113 NE_RS_UNBLDRE: Unable to load application resource file /resources/htçš„tps://contrib.rocks/image D:\a\neutralinojs\neutralinojs\api\debug\debug.cpp:17 ZionyasVan@ÎŇµÄWINDOWS10-1
ERROR 2026-07-16 18:24:13,282 NE_RS_UNBLDRE: Unable to load application resource file /resources/htçš„tps://contrib.rocks/image D:\a\neutralinojs\neutralinojs\api\debug\debug.cpp:17 ZionyasVan@ÎŇµÄWINDOWS10-1
ERROR 2026-07-16 18:24:14,362 NE_RS_UNBLDRE: Unable to load application resource file /resources/htçš„tps://contrib.rocks/image D:\a\neutralinojs\neutralinojs\api\debug\debug.cpp:17 ZionyasVan@ÎŇµÄWINDOWS10-1
ERROR 2026-07-16 18:24:17,802 NE_RS_UNBLDRE: Unable to load application resource file /resources/htçš„tps://contrib.rocks/image D:\a\neutralinojs\neutralinojs\api\debug\debug.cpp:17 ZionyasVan@ÎŇµÄWINDOWS10-1
ERROR 2026-07-16 18:24:18,523 NE_RS_UNBLDRE: Unable to load application resource file /resources/htçš„tps://contrib.rocks/image D:\a\neutralinojs\neutralinojs\api\debug\debug.cpp:17 ZionyasVan@ÎŇµÄWINDOWS10-1
ERROR 2026-07-16 18:24:19,484 NE_RS_UNBLDRE: Unable to load application resource file /resources/htçš„tps://contrib.rocks/image D:\a\neutralinojs\neutralinojs\api\debug\debug.cpp:17 ZionyasVan@ÎŇµÄWINDOWS10-1
ERROR 2026-07-16 18:24:19,963 NE_RS_UNBLDRE: Unable to load application resource file /resources/htçš„tps://contrib.rocks/image D:\a\neutralinojs\neutralinojs\api\debug\debug.cpp:17 ZionyasVan@ÎŇµÄWINDOWS10-1
ERROR 2026-07-16 18:24:20,006 NE_RS_UNBLDRE: Unable to load application resource file /resources/htçš„tps://contrib.rocks/image D:\a\neutralinojs\neutralinojs\api\debug\debug.cpp:17 ZionyasVan@ÎŇµÄWINDOWS10-1
ERROR 2026-07-16 18:24:20,089 NE_RS_UNBLDRE: Unable to load application resource file /resources/htçš„tps://contrib.rocks/image D:\a\neutralinojs\neutralinojs\api\debug\debug.cpp:17 ZionyasVan@ÎŇµÄWINDOWS10-1
ERROR 2026-07-16 18:24:20,136 NE_RS_UNBLDRE: Unable to load application resource file /resources/htçš„tps://contrib.rocks/image D:\a\neutralinojs\neutralinojs\api\debug\debug.cpp:17 ZionyasVan@ÎŇµÄWINDOWS10-1
ERROR 2026-07-16 18:24:20,258 NE_RS_UNBLDRE: Unable to load application resource file /resources/htçš„tps://contrib.rocks/image D:\a\neutralinojs\neutralinojs\api\debug\debug.cpp:17 ZionyasVan@ÎŇµÄWINDOWS10-1
ERROR 2026-07-16 18:24:20,331 NE_RS_UNBLDRE: Unable to load application resource file /resources/htçš„tps://contrib.rocks/image D:\a\neutralinojs\neutralinojs\api\debug\debug.cpp:17 ZionyasVan@ÎŇµÄWINDOWS10-1
ERROR 2026-07-16 18:24:20,397 NE_RS_UNBLDRE: Unable to load application resource file /resources/htçš„tps://contrib.rocks/image D:\a\neutralinojs\neutralinojs\api\debug\debug.cpp:17 ZionyasVan@ÎŇµÄWINDOWS10-1
ERROR 2026-07-16 18:24:20,616 NE_RS_UNBLDRE: Unable to load application resource file /resources/htçš„tps://contrib.rocks/image D:\a\neutralinojs\neutralinojs\api\debug\debug.cpp:17 ZionyasVan@ÎŇµÄWINDOWS10-1
ERROR 2026-07-16 18:24:21,168 NE_RS_UNBLDRE: Unable to load application resource file /resources/htçš„tps://contrib.rocks/image D:\a\neutralinojs\neutralinojs\api\debug\debug.cpp:17 ZionyasVan@ÎŇµÄWINDOWS10-1
ERROR 2026-07-16 18:24:21,226 NE_RS_UNBLDRE: Unable to load application resource file /resources/htçš„tps://contrib.rocks/image D:\a\neutralinojs\neutralinojs\api\debug\debug.cpp:17 ZionyasVan@ÎŇµÄWINDOWS10-1
ERROR 2026-07-16 18:24:21,340 NE_RS_UNBLDRE: Unable to load application resource file /resources/htçš„tps://contrib.rocks/image D:\a\neutralinojs\neutralinojs\api\debug\debug.cpp:17 ZionyasVan@ÎŇµÄWINDOWS10-1
ERROR 2026-07-16 18:24:21,687 NE_RS_UNBLDRE: Unable to load application resource file /resources/htçš„tps://contrib.rocks/image D:\a\neutralinojs\neutralinojs\api\debug\debug.cpp:17 ZionyasVan@ÎŇµÄWINDOWS10-1
ERROR 2026-07-16 18:24:21,885 NE_RS_UNBLDRE: Unable to load application resource file /resources/htçš„tps://contrib.rocks/image D:\a\neutralinojs\neutralinojs\api\debug\debug.cpp:17 ZionyasVan@ÎŇµÄWINDOWS10-1
ERROR 2026-07-16 18:24:21,971 NE_RS_UNBLDRE: Unable to load application resource file /resources/htçš„tps://contrib.rocks/image D:\a\neutralinojs\neutralinojs\api\debug\debug.cpp:17 ZionyasVan@ÎŇµÄWINDOWS10-1
ERROR 2026-07-16 18:24:22,079 NE_RS_UNBLDRE: Unable to load application resource file /resources/htçš„tps://contrib.rocks/image D:\a\neutralinojs\neutralinojs\api\debug\debug.cpp:17 ZionyasVan@ÎŇµÄWINDOWS10-1
ERROR 2026-07-16 18:24:22,203 NE_RS_UNBLDRE: Unable to load application resource file /resources/htçš„tps://contrib.rocks/image D:\a\neutralinojs\neutralinojs\api\debug\debug.cpp:17 ZionyasVan@ÎŇµÄWINDOWS10-1
ERROR 2026-07-16 18:24:22,310 NE_RS_UNBLDRE: Unable to load application resource file /resources/htçš„tps://contrib.rocks/image D:\a\neutralinojs\neutralinojs\api\debug\debug.cpp:17 ZionyasVan@ÎŇµÄWINDOWS10-1
ERROR 2026-07-16 18:24:22,369 NE_RS_UNBLDRE: Unable to load application resource file /resources/htçš„tps://contrib.rocks/image D:\a\neutralinojs\neutralinojs\api\debug\debug.cpp:17 ZionyasVan@ÎŇµÄWINDOWS10-1
ERROR 2026-07-16 18:24:22,615 NE_RS_UNBLDRE: Unable to load application resource file /resources/htçš„tps://contrib.rocks/image D:\a\neutralinojs\neutralinojs\api\debug\debug.cpp:17 ZionyasVan@ÎŇµÄWINDOWS10-1
ERROR 2026-07-16 18:24:22,828 NE_RS_UNBLDRE: Unable to load application resource file /resources/htçš„tps://contrib.rocks/image D:\a\neutralinojs\neutralinojs\api\debug\debug.cpp:17 ZionyasVan@ÎŇµÄWINDOWS10-1
ERROR 2026-07-16 18:24:23,070 NE_RS_UNBLDRE: Unable to load application resource file /resources/htçš„tps://contrib.rocks/image D:\a\neutralinojs\neutralinojs\api\debug\debug.cpp:17 ZionyasVan@ÎŇµÄWINDOWS10-1
ERROR 2026-07-16 18:24:23,665 NE_RS_UNBLDRE: Unable to load application resource file /resources/htçš„tps://contrib.rocks/image D:\a\neutralinojs\neutralinojs\api\debug\debug.cpp:17 ZionyasVan@ÎŇµÄWINDOWS10-1
ERROR 2026-07-16 18:24:23,846 NE_RS_UNBLDRE: Unable to load application resource file /resources/htçš„tps://contrib.rocks/image D:\a\neutralinojs\neutralinojs\api\debug\debug.cpp:17 ZionyasVan@ÎŇµÄWINDOWS10-1
ERROR 2026-07-16 18:24:24,455 NE_RS_UNBLDRE: Unable to load application resource file /resources/htçš„tps://contrib.rocks/image D:\a\neutralinojs\neutralinojs\api\debug\debug.cpp:17 ZionyasVan@ÎŇµÄWINDOWS10-1
ERROR 2026-07-16 18:24:24,955 NE_RS_UNBLDRE: Unable to load application resource file /resources/htçš„tps://contrib.rocks/image D:\a\neutralinojs\neutralinojs\api\debug\debug.cpp:17 ZionyasVan@ÎŇµÄWINDOWS10-1
ERROR 2026-07-16 18:24:24,988 NE_RS_UNBLDRE: Unable to load application resource file /resources/htçš„tps://contrib.rocks/image D:\a\neutralinojs\neutralinojs\api\debug\debug.cpp:17 ZionyasVan@ÎŇµÄWINDOWS10-1
ERROR 2026-07-16 18:24:25,055 NE_RS_UNBLDRE: Unable to load application resource file /resources/htçš„tps://contrib.rocks/image D:\a\neutralinojs\neutralinojs\api\debug\debug.cpp:17 ZionyasVan@ÎŇµÄWINDOWS10-1
ERROR 2026-07-16 18:24:25,190 NE_RS_UNBLDRE: Unable to load application resource file /resources/htçš„tps://contrib.rocks/image D:\a\neutralinojs\neutralinojs\api\debug\debug.cpp:17 ZionyasVan@ÎŇµÄWINDOWS10-1
ERROR 2026-07-16 18:24:25,374 NE_RS_UNBLDRE: Unable to load application resource file /resources/htçš„tps://contrib.rocks/image D:\a\neutralinojs\neutralinojs\api\debug\debug.cpp:17 ZionyasVan@ÎŇµÄWINDOWS10-1
ERROR 2026-07-16 18:24:25,593 NE_RS_UNBLDRE: Unable to load application resource file /resources/htçš„tps://contrib.rocks/image D:\a\neutralinojs\neutralinojs\api\debug\debug.cpp:17 ZionyasVan@ÎŇµÄWINDOWS10-1
ERROR 2026-07-16 18:24:25,795 NE_RS_UNBLDRE: Unable to load application resource file /resources/htçš„tps://contrib.rocks/image D:\a\neutralinojs\neutralinojs\api\debug\debug.cpp:17 ZionyasVan@ÎŇµÄWINDOWS10-1
ERROR 2026-07-16 18:24:25,941 NE_RS_UNBLDRE: Unable to load application resource file /resources/htçš„tps://contrib.rocks/image D:\a\neutralinojs\neutralinojs\api\debug\debug.cpp:17 ZionyasVan@ÎŇµÄWINDOWS10-1
ERROR 2026-07-16 18:24:27,264 NE_RS_UNBLDRE: Unable to load application resource file /resources/htçš„tps://contrib.rocks/image D:\a\neutralinojs\neutralinojs\api\debug\debug.cpp:17 ZionyasVan@ÎŇµÄWINDOWS10-1
ERROR 2026-07-16 18:24:27,763 NE_RS_UNBLDRE: Unable to load application resource file /resources/htçš„tps://contrib.rocks/image D:\a\neutralinojs\neutralinojs\api\debug\debug.cpp:17 ZionyasVan@ÎŇµÄWINDOWS10-1
ERROR 2026-07-16 18:24:27,805 NE_RS_UNBLDRE: Unable to load application resource file /resources/htçš„tps://contrib.rocks/image D:\a\neutralinojs\neutralinojs\api\debug\debug.cpp:17 ZionyasVan@ÎŇµÄWINDOWS10-1
ERROR 2026-07-16 18:24:27,873 NE_RS_UNBLDRE: Unable to load application resource file /resources/htçš„tps://contrib.rocks/image D:\a\neutralinojs\neutralinojs\api\debug\debug.cpp:17 ZionyasVan@ÎŇµÄWINDOWS10-1
ERROR 2026-07-16 18:24:27,946 NE_RS_UNBLDRE: Unable to load application resource file /resources/htçš„tps://contrib.rocks/image D:\a\neutralinojs\neutralinojs\api\debug\debug.cpp:17 ZionyasVan@ÎŇµÄWINDOWS10-1
ERROR 2026-07-16 18:24:28,168 NE_RS_UNBLDRE: Unable to load application resource file /resources/htçš„tps://contrib.rocks/image D:\a\neutralinojs\neutralinojs\api\debug\debug.cpp:17 ZionyasVan@ÎŇµÄWINDOWS10-1
ERROR 2026-07-16 18:24:28,297 NE_RS_UNBLDRE: Unable to load application resource file /resources/htçš„tps://contrib.rocks/image D:\a\neutralinojs\neutralinojs\api\debug\debug.cpp:17 ZionyasVan@ÎŇµÄWINDOWS10-1
ERROR 2026-07-16 18:24:28,362 NE_RS_UNBLDRE: Unable to load application resource file /resources/htçš„tps://contrib.rocks/image D:\a\neutralinojs\neutralinojs\api\debug\debug.cpp:17 ZionyasVan@ÎŇµÄWINDOWS10-1
ERROR 2026-07-16 18:24:28,434 NE_RS_UNBLDRE: Unable to load application resource file /resources/htçš„tps://contrib.rocks/image D:\a\neutralinojs\neutralinojs\api\debug\debug.cpp:17 ZionyasVan@ÎŇµÄWINDOWS10-1
ERROR 2026-07-16 18:24:28,535 NE_RS_UNBLDRE: Unable to load application resource file /resources/htçš„tps://contrib.rocks/image D:\a\neutralinojs\neutralinojs\api\debug\debug.cpp:17 ZionyasVan@ÎŇµÄWINDOWS10-1
ERROR 2026-07-16 18:24:28,634 NE_RS_UNBLDRE: Unable to load application resource file /resources/htçš„tps://contrib.rocks/image D:\a\neutralinojs\neutralinojs\api\debug\debug.cpp:17 ZionyasVan@ÎŇµÄWINDOWS10-1
ERROR 2026-07-16 18:24:28,762 NE_RS_UNBLDRE: Unable to load application resource file /resources/htçš„tps://contrib.rocks/image D:\a\neutralinojs\neutralinojs\api\debug\debug.cpp:17 ZionyasVan@ÎŇµÄWINDOWS10-1
ERROR 2026-07-16 18:24:28,865 NE_RS_UNBLDRE: Unable to load application resource file /resources/htçš„tps://contrib.rocks/image D:\a\neutralinojs\neutralinojs\api\debug\debug.cpp:17 ZionyasVan@ÎŇµÄWINDOWS10-1
ERROR 2026-07-16 18:24:28,994 NE_RS_UNBLDRE: Unable to load application resource file /resources/htçš„tps://contrib.rocks/image D:\a\neutralinojs\neutralinojs\api\debug\debug.cpp:17 ZionyasVan@ÎŇµÄWINDOWS10-1
ERROR 2026-07-16 18:24:29,160 NE_RS_UNBLDRE: Unable to load application resource file /resources/htçš„tps://contrib.rocks/image D:\a\neutralinojs\neutralinojs\api\debug\debug.cpp:17 ZionyasVan@ÎŇµÄWINDOWS10-1
ERROR 2026-07-16 18:24:29,306 NE_RS_UNBLDRE: Unable to load application resource file /resources/htçš„tps://contrib.rocks/image D:\a\neutralinojs\neutralinojs\api\debug\debug.cpp:17 ZionyasVan@ÎŇµÄWINDOWS10-1
ERROR 2026-07-16 18:24:29,547 NE_RS_UNBLDRE: Unable to load application resource file /resources/htçš„tps://contrib.rocks/image D:\a\neutralinojs\neutralinojs\api\debug\debug.cpp:17 ZionyasVan@ÎŇµÄWINDOWS10-1
ERROR 2026-07-16 18:24:29,616 NE_RS_UNBLDRE: Unable to load application resource file /resources/htçš„tps://contrib.rocks/image D:\a\neutralinojs\neutralinojs\api\debug\debug.cpp:17 ZionyasVan@ÎŇµÄWINDOWS10-1
ERROR 2026-07-16 18:24:29,687 NE_RS_UNBLDRE: Unable to load application resource file /resources/htçš„tps://contrib.rocks/image D:\a\neutralinojs\neutralinojs\api\debug\debug.cpp:17 ZionyasVan@ÎŇµÄWINDOWS10-1
ERROR 2026-07-16 18:24:29,909 NE_RS_UNBLDRE: Unable to load application resource file /resources/htçš„tps://contrib.rocks/image D:\a\neutralinojs\neutralinojs\api\debug\debug.cpp:17 ZionyasVan@ÎŇµÄWINDOWS10-1
ERROR 2026-07-16 18:24:30,085 NE_RS_UNBLDRE: Unable to load application resource file /resources/htçš„tps://contrib.rocks/image D:\a\neutralinojs\neutralinojs\api\debug\debug.cpp:17 ZionyasVan@ÎŇµÄWINDOWS10-1
ERROR 2026-07-16 18:24:30,274 NE_RS_UNBLDRE: Unable to load application resource file /resources/htçš„tps://contrib.rocks/image D:\a\neutralinojs\neutralinojs\api\debug\debug.cpp:17 ZionyasVan@ÎŇµÄWINDOWS10-1
ERROR 2026-07-16 18:24:30,428 NE_RS_UNBLDRE: Unable to load application resource file /resources/htçš„tps://contrib.rocks/image D:\a\neutralinojs\neutralinojs\api\debug\debug.cpp:17 ZionyasVan@ÎŇµÄWINDOWS10-1
ERROR 2026-07-16 18:24:30,615 NE_RS_UNBLDRE: Unable to load application resource file /resources/htçš„tps://contrib.rocks/image D:\a\neutralinojs\neutralinojs\api\debug\debug.cpp:17 ZionyasVan@ÎŇµÄWINDOWS10-1
ERROR 2026-07-16 18:24:30,736 NE_RS_UNBLDRE: Unable to load application resource file /resources/htçš„tps://contrib.rocks/image D:\a\neutralinojs\neutralinojs\api\debug\debug.cpp:17 ZionyasVan@ÎŇµÄWINDOWS10-1
ERROR 2026-07-16 18:24:30,801 NE_RS_UNBLDRE: Unable to load application resource file /resources/htçš„tps://contrib.rocks/image D:\a\neutralinojs\neutralinojs\api\debug\debug.cpp:17 ZionyasVan@ÎŇµÄWINDOWS10-1
ERROR 2026-07-16 18:24:31,333 NE_RS_UNBLDRE: Unable to load application resource file /resources/htçš„tps://contrib.rocks/image D:\a\neutralinojs\neutralinojs\api\debug\debug.cpp:17 ZionyasVan@ÎŇµÄWINDOWS10-1
ERROR 2026-07-16 18:24:31,537 NE_RS_UNBLDRE: Unable to load application resource file /resources/htçš„tps://contrib.rocks/image D:\a\neutralinojs\neutralinojs\api\debug\debug.cpp:17 ZionyasVan@ÎŇµÄWINDOWS10-1
ERROR 2026-07-16 18:24:31,630 NE_RS_UNBLDRE: Unable to load application resource file /resources/htçš„tps://contrib.rocks/image D:\a\neutralinojs\neutralinojs\api\debug\debug.cpp:17 ZionyasVan@ÎŇµÄWINDOWS10-1
ERROR 2026-07-16 18:24:31,808 NE_RS_UNBLDRE: Unable to load application resource file /resources/htçš„tps://contrib.rocks/image D:\a\neutralinojs\neutralinojs\api\debug\debug.cpp:17 ZionyasVan@ÎŇµÄWINDOWS10-1
ERROR 2026-07-16 18:24:31,862 NE_RS_UNBLDRE: Unable to load application resource file /resources/htçš„tps://contrib.rocks/image D:\a\neutralinojs\neutralinojs\api\debug\debug.cpp:17 ZionyasVan@ÎŇµÄWINDOWS10-1
ERROR 2026-07-16 18:24:31,998 NE_RS_UNBLDRE: Unable to load application resource file /resources/htçš„tps://contrib.rocks/image D:\a\neutralinojs\neutralinojs\api\debug\debug.cpp:17 ZionyasVan@ÎŇµÄWINDOWS10-1
ERROR 2026-07-16 18:24:32,148 NE_RS_UNBLDRE: Unable to load application resource file /resources/htçš„tps://contrib.rocks/image D:\a\neutralinojs\neutralinojs\api\debug\debug.cpp:17 ZionyasVan@ÎŇµÄWINDOWS10-1
ERROR 2026-07-16 18:24:32,219 NE_RS_UNBLDRE: Unable to load application resource file /resources/htçš„tps://contrib.rocks/image D:\a\neutralinojs\neutralinojs\api\debug\debug.cpp:17 ZionyasVan@ÎŇµÄWINDOWS10-1
ERROR 2026-07-16 18:24:32,268 NE_RS_UNBLDRE: Unable to load application resource file /resources/htçš„tps://contrib.rocks/image D:\a\neutralinojs\neutralinojs\api\debug\debug.cpp:17 ZionyasVan@ÎŇµÄWINDOWS10-1
ERROR 2026-07-16 18:24:32,372 NE_RS_UNBLDRE: Unable to load application resource file /resources/htçš„tps://contrib.rocks/image D:\a\neutralinojs\neutralinojs\api\debug\debug.cpp:17 ZionyasVan@ÎŇµÄWINDOWS10-1
ERROR 2026-07-16 18:24:32,482 NE_RS_UNBLDRE: Unable to load application resource file /resources/htçš„tps://contrib.rocks/image D:\a\neutralinojs\neutralinojs\api\debug\debug.cpp:17 ZionyasVan@ÎŇµÄWINDOWS10-1
ERROR 2026-07-16 18:24:32,978 NE_RS_UNBLDRE: Unable to load application resource file /resources/htçš„tps://contrib.rocks/image D:\a\neutralinojs\neutralinojs\api\debug\debug.cpp:17 ZionyasVan@ÎŇµÄWINDOWS10-1
ERROR 2026-07-16 18:24:33,029 NE_RS_UNBLDRE: Unable to load application resource file /resources/htçš„tps://contrib.rocks/image D:\a\neutralinojs\neutralinojs\api\debug\debug.cpp:17 ZionyasVan@ÎŇµÄWINDOWS10-1
ERROR 2026-07-16 18:24:33,188 NE_RS_UNBLDRE: Unable to load application resource file /resources/htçš„tps://contrib.rocks/image D:\a\neutralinojs\neutralinojs\api\debug\debug.cpp:17 ZionyasVan@ÎŇµÄWINDOWS10-1
ERROR 2026-07-16 18:24:33,321 NE_RS_UNBLDRE: Unable to load application resource file /resources/htçš„tps://contrib.rocks/image D:\a\neutralinojs\neutralinojs\api\debug\debug.cpp:17 ZionyasVan@ÎŇµÄWINDOWS10-1
ERROR 2026-07-16 18:24:33,544 NE_RS_UNBLDRE: Unable to load application resource file /resources/htçš„tps://contrib.rocks/image D:\a\neutralinojs\neutralinojs\api\debug\debug.cpp:17 ZionyasVan@ÎŇµÄWINDOWS10-1
ERROR 2026-07-16 18:24:33,674 NE_RS_UNBLDRE: Unable to load application resource file /resources/htçš„tps://contrib.rocks/image D:\a\neutralinojs\neutralinojs\api\debug\debug.cpp:17 ZionyasVan@ÎŇµÄWINDOWS10-1
ERROR 2026-07-16 18:24:33,848 NE_RS_UNBLDRE: Unable to load application resource file /resources/htçš„tps://contrib.rocks/image D:\a\neutralinojs\neutralinojs\api\debug\debug.cpp:17 ZionyasVan@ÎŇµÄWINDOWS10-1
ERROR 2026-07-16 18:24:33,968 NE_RS_UNBLDRE: Unable to load application resource file /resources/htçš„tps://contrib.rocks/image D:\a\neutralinojs\neutralinojs\api\debug\debug.cpp:17 ZionyasVan@ÎŇµÄWINDOWS10-1
ERROR 2026-07-16 18:24:34,045 NE_RS_UNBLDRE: Unable to load application resource file /resources/htçš„tps://contrib.rocks/image D:\a\neutralinojs\neutralinojs\api\debug\debug.cpp:17 ZionyasVan@ÎŇµÄWINDOWS10-1
ERROR 2026-07-16 18:24:34,256 NE_RS_UNBLDRE: Unable to load application resource file /resources/htçš„tps://contrib.rocks/image D:\a\neutralinojs\neutralinojs\api\debug\debug.cpp:17 ZionyasVan@ÎŇµÄWINDOWS10-1
ERROR 2026-07-16 18:24:34,935 NE_RS_UNBLDRE: Unable to load application resource file /resources/htçš„tps://contrib.rocks/image D:\a\neutralinojs\neutralinojs\api\debug\debug.cpp:17 ZionyasVan@ÎŇµÄWINDOWS10-1
ERROR 2026-07-16 18:24:35,061 NE_RS_UNBLDRE: Unable to load application resource file /resources/htçš„tps://contrib.rocks/image D:\a\neutralinojs\neutralinojs\api\debug\debug.cpp:17 ZionyasVan@ÎŇµÄWINDOWS10-1
ERROR 2026-07-16 18:24:35,192 NE_RS_UNBLDRE: Unable to load application resource file /resources/htçš„tps://contrib.rocks/image D:\a\neutralinojs\neutralinojs\api\debug\debug.cpp:17 ZionyasVan@ÎŇµÄWINDOWS10-1
ERROR 2026-07-16 18:24:35,401 NE_RS_UNBLDRE: Unable to load application resource file /resources/htçš„tps://contrib.rocks/image D:\a\neutralinojs\neutralinojs\api\debug\debug.cpp:17 ZionyasVan@ÎŇµÄWINDOWS10-1
ERROR 2026-07-16 18:24:35,656 NE_RS_UNBLDRE: Unable to load application resource file /resources/htçš„tps://contrib.rocks/image D:\a\neutralinojs\neutralinojs\api\debug\debug.cpp:17 ZionyasVan@ÎŇµÄWINDOWS10-1
ERROR 2026-07-16 18:24:35,718 NE_RS_UNBLDRE: Unable to load application resource file /resources/htçš„tps://contrib.rocks/image D:\a\neutralinojs\neutralinojs\api\debug\debug.cpp:17 ZionyasVan@ÎŇµÄWINDOWS10-1
ERROR 2026-07-16 18:24:35,781 NE_RS_UNBLDRE: Unable to load application resource file /resources/htçš„tps://contrib.rocks/image D:\a\neutralinojs\neutralinojs\api\debug\debug.cpp:17 ZionyasVan@ÎŇµÄWINDOWS10-1
ERROR 2026-07-16 18:24:35,835 NE_RS_UNBLDRE: Unable to load application resource file /resources/htçš„tps://contrib.rocks/image D:\a\neutralinojs\neutralinojs\api\debug\debug.cpp:17 ZionyasVan@ÎŇµÄWINDOWS10-1
ERROR 2026-07-16 18:24:35,894 NE_RS_UNBLDRE: Unable to load application resource file /resources/htçš„tps://contrib.rocks/image D:\a\neutralinojs\neutralinojs\api\debug\debug.cpp:17 ZionyasVan@ÎŇµÄWINDOWS10-1
ERROR 2026-07-16 18:24:36,161 NE_RS_UNBLDRE: Unable to load application resource file /resources/htçš„tps://contrib.rocks/image D:\a\neutralinojs\neutralinojs\api\debug\debug.cpp:17 ZionyasVan@ÎŇµÄWINDOWS10-1
ERROR 2026-07-16 18:24:36,331 NE_RS_UNBLDRE: Unable to load application resource file /resources/htçš„tps://contrib.rocks/image D:\a\neutralinojs\neutralinojs\api\debug\debug.cpp:17 ZionyasVan@ÎŇµÄWINDOWS10-1
ERROR 2026-07-16 18:24:36,388 NE_RS_UNBLDRE: Unable to load application resource file /resources/htçš„tps://contrib.rocks/image D:\a\neutralinojs\neutralinojs\api\debug\debug.cpp:17 ZionyasVan@ÎŇµÄWINDOWS10-1
ERROR 2026-07-16 18:24:36,501 NE_RS_UNBLDRE: Unable to load application resource file /resources/htçš„tps://contrib.rocks/image D:\a\neutralinojs\neutralinojs\api\debug\debug.cpp:17 ZionyasVan@ÎŇµÄWINDOWS10-1
ERROR 2026-07-16 18:24:36,623 NE_RS_UNBLDRE: Unable to load application resource file /resources/htçš„tps://contrib.rocks/image D:\a\neutralinojs\neutralinojs\api\debug\debug.cpp:17 ZionyasVan@ÎŇµÄWINDOWS10-1
ERROR 2026-07-16 18:24:36,719 NE_RS_UNBLDRE: Unable to load application resource file /resources/htçš„tps://contrib.rocks/image D:\a\neutralinojs\neutralinojs\api\debug\debug.cpp:17 ZionyasVan@ÎŇµÄWINDOWS10-1
ERROR 2026-07-16 18:24:36,911 NE_RS_UNBLDRE: Unable to load application resource file /resources/htçš„tps://contrib.rocks/image D:\a\neutralinojs\neutralinojs\api\debug\debug.cpp:17 ZionyasVan@ÎŇµÄWINDOWS10-1
ERROR 2026-07-16 18:24:43,192 NE_RS_UNBLDRE: Unable to load application resource file /resources/htçš„tps://contrib.rocks/image D:\a\neutralinojs\neutralinojs\api\debug\debug.cpp:17 ZionyasVan@ÎŇµÄWINDOWS10-1
ERROR 2026-07-16 18:24:43,273 NE_RS_UNBLDRE: Unable to load application resource file /resources/htçš„tps://contrib.rocks/image D:\a\neutralinojs\neutralinojs\api\debug\debug.cpp:17 ZionyasVan@ÎŇµÄWINDOWS10-1
ERROR 2026-07-16 18:24:43,398 NE_RS_UNBLDRE: Unable to load application resource file /resources/htçš„tps://contrib.rocks/image D:\a\neutralinojs\neutralinojs\api\debug\debug.cpp:17 ZionyasVan@ÎŇµÄWINDOWS10-1
ERROR 2026-07-16 18:24:43,594 NE_RS_UNBLDRE: Unable to load application resource file /resources/htçš„tps://contrib.rocks/image D:\a\neutralinojs\neutralinojs\api\debug\debug.cpp:17 ZionyasVan@ÎŇµÄWINDOWS10-1
ERROR 2026-07-16 18:24:43,765 NE_RS_UNBLDRE: Unable to load application resource file /resources/htçš„tps://contrib.rocks/image D:\a\neutralinojs\neutralinojs\api\debug\debug.cpp:17 ZionyasVan@ÎŇµÄWINDOWS10-1
ERROR 2026-07-16 18:24:43,896 NE_RS_UNBLDRE: Unable to load application resource file /resources/htçš„tps://contrib.rocks/image D:\a\neutralinojs\neutralinojs\api\debug\debug.cpp:17 ZionyasVan@ÎŇµÄWINDOWS10-1
ERROR 2026-07-16 18:24:44,064 NE_RS_UNBLDRE: Unable to load application resource file /resources/htçš„tps://contrib.rocks/image D:\a\neutralinojs\neutralinojs\api\debug\debug.cpp:17 ZionyasVan@ÎŇµÄWINDOWS10-1
ERROR 2026-07-16 18:24:44,192 NE_RS_UNBLDRE: Unable to load application resource file /resources/htçš„tps://contrib.rocks/image D:\a\neutralinojs\neutralinojs\api\debug\debug.cpp:17 ZionyasVan@ÎŇµÄWINDOWS10-1
ERROR 2026-07-16 18:24:44,260 NE_RS_UNBLDRE: Unable to load application resource file /resources/htçš„tps://contrib.rocks/image D:\a\neutralinojs\neutralinojs\api\debug\debug.cpp:17 ZionyasVan@ÎŇµÄWINDOWS10-1
ERROR 2026-07-16 18:24:44,429 NE_RS_UNBLDRE: Unable to load application resource file /resources/htçš„tps://contrib.rocks/image D:\a\neutralinojs\neutralinojs\api\debug\debug.cpp:17 ZionyasVan@ÎŇµÄWINDOWS10-1
ERROR 2026-07-16 18:24:44,858 NE_RS_UNBLDRE: Unable to load application resource file /resources/htçš„tps://contrib.rocks/image D:\a\neutralinojs\neutralinojs\api\debug\debug.cpp:17 ZionyasVan@ÎŇµÄWINDOWS10-1
ERROR 2026-07-16 18:24:45,087 NE_RS_UNBLDRE: Unable to load application resource file /resources/htçš„tps://contrib.rocks/image D:\a\neutralinojs\neutralinojs\api\debug\debug.cpp:17 ZionyasVan@ÎŇµÄWINDOWS10-1
ERROR 2026-07-16 18:24:45,147 NE_RS_UNBLDRE: Unable to load application resource file /resources/htçš„tps://contrib.rocks/image D:\a\neutralinojs\neutralinojs\api\debug\debug.cpp:17 ZionyasVan@ÎŇµÄWINDOWS10-1
ERROR 2026-07-16 18:24:45,190 NE_RS_UNBLDRE: Unable to load application resource file /resources/htçš„tps://contrib.rocks/image D:\a\neutralinojs\neutralinojs\api\debug\debug.cpp:17 ZionyasVan@ÎŇµÄWINDOWS10-1
ERROR 2026-07-16 18:24:45,248 NE_RS_UNBLDRE: Unable to load application resource file /resources/htçš„tps://contrib.rocks/image D:\a\neutralinojs\neutralinojs\api\debug\debug.cpp:17 ZionyasVan@ÎŇµÄWINDOWS10-1
ERROR 2026-07-16 18:24:45,394 NE_RS_UNBLDRE: Unable to load application resource file /resources/htçš„tps://contrib.rocks/image D:\a\neutralinojs\neutralinojs\api\debug\debug.cpp:17 ZionyasVan@ÎŇµÄWINDOWS10-1
ERROR 2026-07-16 18:24:45,489 NE_RS_UNBLDRE: Unable to load application resource file /resources/htçš„tps://contrib.rocks/image D:\a\neutralinojs\neutralinojs\api\debug\debug.cpp:17 ZionyasVan@ÎŇµÄWINDOWS10-1
ERROR 2026-07-16 18:24:45,749 NE_RS_UNBLDRE: Unable to load application resource file /resources/htçš„tps://contrib.rocks/image D:\a\neutralinojs\neutralinojs\api\debug\debug.cpp:17 ZionyasVan@ÎŇµÄWINDOWS10-1
ERROR 2026-07-16 18:24:46,185 NE_RS_UNBLDRE: Unable to load application resource file /resources/htçš„tps://contrib.rocks/image D:\a\neutralinojs\neutralinojs\api\debug\debug.cpp:17 ZionyasVan@ÎŇµÄWINDOWS10-1
INFO 2026-07-16 18:25:54,317 Reloading the application... D:\a\neutralinojs\neutralinojs\api\debug\debug.cpp:14 ZionyasVan@ÎŇµÄWINDOWS10-1
INFO 2026-07-16 18:31:10,983 Reloading the application... D:\a\neutralinojs\neutralinojs\api\debug\debug.cpp:14 ZionyasVan@ÎŇµÄWINDOWS10-1
ERROR 2026-07-16 18:31:53,948 NE_RS_UNBLDRE: Unable to load application resource file /resources/htçš„tps://contrib.rocks/image D:\a\neutralinojs\neutralinojs\api\debug\debug.cpp:17 ZionyasVan@ÎŇµÄWINDOWS10-1
ERROR 2026-07-16 18:31:55,546 NE_RS_UNBLDRE: Unable to load application resource file /resources/htçš„tps://contrib.rocks/image D:\a\neutralinojs\neutralinojs\api\debug\debug.cpp:17 ZionyasVan@ÎŇµÄWINDOWS10-1
ERROR 2026-07-16 18:31:58,169 NE_RS_UNBLDRE: Unable to load application resource file /resources/htçš„tps://contrib.rocks/image D:\a\neutralinojs\neutralinojs\api\debug\debug.cpp:17 ZionyasVan@ÎŇµÄWINDOWS10-1
ERROR 2026-07-16 18:32:00,646 NE_RS_UNBLDRE: Unable to load application resource file /resources/htçš„tps://contrib.rocks/image D:\a\neutralinojs\neutralinojs\api\debug\debug.cpp:17 ZionyasVan@ÎŇµÄWINDOWS10-1
INFO 2026-07-16 18:45:21,583 Reloading the application... D:\a\neutralinojs\neutralinojs\api\debug\debug.cpp:14 ZionyasVan@ÎŇµÄWINDOWS10-1
INFO 2026-07-16 18:46:22,746 Reloading the application... D:\a\neutralinojs\neutralinojs\api\debug\debug.cpp:14 ZionyasVan@ÎŇµÄWINDOWS10-1
INFO 2026-07-16 18:47:27,760 Reloading the application... D:\a\neutralinojs\neutralinojs\api\debug\debug.cpp:14 ZionyasVan@ÎŇµÄWINDOWS10-1
ERROR 2026-07-16 18:47:27,885 NE_RS_UNBLDRE: Unable to load application resource file /resources/css/styles.css D:\a\neutralinojs\neutralinojs\api\debug\debug.cpp:17 ZionyasVan@ÎŇµÄWINDOWS10-1
INFO 2026-07-16 18:51:15,328 Reloading the application... D:\a\neutralinojs\neutralinojs\api\debug\debug.cpp:14 ZionyasVan@ÎŇµÄWINDOWS10-1
INFO 2026-07-16 18:51:15,348 Reloading the application... D:\a\neutralinojs\neutralinojs\api\debug\debug.cpp:14 ZionyasVan@ÎŇµÄWINDOWS10-1
ERROR 2026-07-16 18:51:15,522 NE_RS_UNBLDRE: Unable to load application resource file /resources/css/styles.css D:\a\neutralinojs\neutralinojs\api\debug\debug.cpp:17 ZionyasVan@ÎŇµÄWINDOWS10-1
INFO 2026-07-16 18:51:55,600 Reloading the application... D:\a\neutralinojs\neutralinojs\api\debug\debug.cpp:14 ZionyasVan@ÎŇµÄWINDOWS10-1
ERROR 2026-07-16 18:51:55,746 NE_RS_UNBLDRE: Unable to load application resource file /resources/css/styles.css D:\a\neutralinojs\neutralinojs\api\debug\debug.cpp:17 ZionyasVan@ÎŇµÄWINDOWS10-1
INFO 2026-07-16 18:52:04,684 Reloading the application... D:\a\neutralinojs\neutralinojs\api\debug\debug.cpp:14 ZionyasVan@ÎŇµÄWINDOWS10-1
ERROR 2026-07-16 18:52:04,844 NE_RS_UNBLDRE: Unable to load application resource file /resources/css/styles.css D:\a\neutralinojs\neutralinojs\api\debug\debug.cpp:17 ZionyasVan@ÎŇµÄWINDOWS10-1
INFO 2026-07-16 18:52:16,614 Reloading the application... D:\a\neutralinojs\neutralinojs\api\debug\debug.cpp:14 ZionyasVan@ÎŇµÄWINDOWS10-1
ERROR 2026-07-16 18:52:16,741 NE_RS_UNBLDRE: Unable to load application resource file /resources/css/styles.css D:\a\neutralinojs\neutralinojs\api\debug\debug.cpp:17 ZionyasVan@ÎŇµÄWINDOWS10-1
INFO 2026-07-16 18:52:36,004 Reloading the application... D:\a\neutralinojs\neutralinojs\api\debug\debug.cpp:14 ZionyasVan@ÎŇµÄWINDOWS10-1
ERROR 2026-07-16 18:52:36,090 NE_RS_UNBLDRE: Unable to load application resource file /resources/css/styles.css D:\a\neutralinojs\neutralinojs\api\debug\debug.cpp:17 ZionyasVan@ÎŇµÄWINDOWS10-1
ERROR 2026-07-16 18:53:02,279 NE_RS_UNBLDRE: Unable to load application resource file /resources/css/styles.css D:\a\neutralinojs\neutralinojs\api\debug\debug.cpp:17 ZionyasVan@ÎŇµÄWINDOWS10-1
INFO 2026-07-16 18:59:42,927 Reloading the application... D:\a\neutralinojs\neutralinojs\api\debug\debug.cpp:14 ZionyasVan@ÎŇµÄWINDOWS10-1
ERROR 2026-07-16 18:59:43,009 NE_RS_UNBLDRE: Unable to load application resource file /resources/css/styles.css D:\a\neutralinojs\neutralinojs\api\debug\debug.cpp:17 ZionyasVan@ÎŇµÄWINDOWS10-1
INFO 2026-07-16 18:59:44,483 Reloading the application... D:\a\neutralinojs\neutralinojs\api\debug\debug.cpp:14 ZionyasVan@ÎŇµÄWINDOWS10-1
ERROR 2026-07-16 18:59:44,543 NE_RS_UNBLDRE: Unable to load application resource file /resources/css/styles.css D:\a\neutralinojs\neutralinojs\api\debug\debug.cpp:17 ZionyasVan@ÎŇµÄWINDOWS10-1
ERROR 2026-07-16 18:59:44,914 NE_RS_UNBLDRE: Unable to load application resource file /resources/resources/css/styles.css D:\a\neutralinojs\neutralinojs\api\debug\debug.cpp:17 ZionyasVan@ÎŇµÄWINDOWS10-1
INFO 2026-07-16 19:00:12,197 Auth info was exported to ./.tmp/auth_info.json D:\a\neutralinojs\neutralinojs\api\debug\debug.cpp:14 ZionyasVan@ÎŇµÄWINDOWS10-1
ERROR 2026-07-16 19:00:16,683 NE_RS_UNBLDRE: Unable to load application resource file /resources/css/styles.css D:\a\neutralinojs\neutralinojs\api\debug\debug.cpp:17 ZionyasVan@ÎŇµÄWINDOWS10-1
ERROR 2026-07-16 19:00:18,869 NE_RS_UNBLDRE: Unable to load application resource file /resources/resources/css/styles.css D:\a\neutralinojs\neutralinojs\api\debug\debug.cpp:17 ZionyasVan@ÎŇµÄWINDOWS10-1
ERROR 2026-07-16 19:00:18,900 NE_RS_UNBLDRE: Unable to load application resource file /resources/favicon.ico D:\a\neutralinojs\neutralinojs\api\debug\debug.cpp:17 ZionyasVan@ÎŇµÄWINDOWS10-1
INFO 2026-07-16 19:01:00,617 Reloading the application... D:\a\neutralinojs\neutralinojs\api\debug\debug.cpp:14 ZionyasVan@ÎŇµÄWINDOWS10-1
ERROR 2026-07-16 19:01:00,702 NE_RS_UNBLDRE: Unable to load application resource file /resources/css/styles.css D:\a\neutralinojs\neutralinojs\api\debug\debug.cpp:17 ZionyasVan@ÎŇµÄWINDOWS10-1
ERROR 2026-07-16 19:01:01,095 NE_RS_UNBLDRE: Unable to load application resource file /resources/resources/css/themesstyles.css D:\a\neutralinojs\neutralinojs\api\debug\debug.cpp:17 ZionyasVan@ÎŇµÄWINDOWS10-1
INFO 2026-07-16 19:01:12,575 Reloading the application... D:\a\neutralinojs\neutralinojs\api\debug\debug.cpp:14 ZionyasVan@ÎŇµÄWINDOWS10-1
ERROR 2026-07-16 19:01:12,657 NE_RS_UNBLDRE: Unable to load application resource file /resources/css/styles.css D:\a\neutralinojs\neutralinojs\api\debug\debug.cpp:17 ZionyasVan@ÎŇµÄWINDOWS10-1
ERROR 2026-07-16 19:01:13,355 NE_RS_UNBLDRE: Unable to load application resource file /resources/resources/css/styles.css D:\a\neutralinojs\neutralinojs\api\debug\debug.cpp:17 ZionyasVan@ÎŇµÄWINDOWS10-1
INFO 2026-07-16 19:03:57,162 Reloading the application... D:\a\neutralinojs\neutralinojs\api\debug\debug.cpp:14 ZionyasVan@ÎŇµÄWINDOWS10-1
ERROR 2026-07-16 19:03:57,335 NE_RS_UNBLDRE: Unable to load application resource file /resources/css/styles.css D:\a\neutralinojs\neutralinojs\api\debug\debug.cpp:17 ZionyasVan@ÎŇµÄWINDOWS10-1
ERROR 2026-07-16 19:03:57,658 NE_RS_UNBLDRE: Unable to load application resource file /resources/resources/css/styles.css D:\a\neutralinojs\neutralinojs\api\debug\debug.cpp:17 ZionyasVan@ÎŇµÄWINDOWS10-1
INFO 2026-07-16 19:04:28,381 Reloading the application... D:\a\neutralinojs\neutralinojs\api\debug\debug.cpp:14 ZionyasVan@ÎŇµÄWINDOWS10-1
ERROR 2026-07-16 19:04:28,490 NE_RS_UNBLDRE: Unable to load application resource file /resources/resources/css/styles.css D:\a\neutralinojs\neutralinojs\api\debug\debug.cpp:17 ZionyasVan@ÎŇµÄWINDOWS10-1
ERROR 2026-07-16 19:04:28,788 NE_RS_UNBLDRE: Unable to load application resource file /resources/resources/css/styles.css D:\a\neutralinojs\neutralinojs\api\debug\debug.cpp:17 ZionyasVan@ÎŇµÄWINDOWS10-1
INFO 2026-07-16 19:05:09,721 Auth info was exported to ./.tmp/auth_info.json D:\a\neutralinojs\neutralinojs\api\debug\debug.cpp:14 ZionyasVan@ÎŇµÄWINDOWS10-1
ERROR 2026-07-16 19:05:13,994 NE_RS_UNBLDRE: Unable to load application resource file /resources/resources/css/styles.css D:\a\neutralinojs\neutralinojs\api\debug\debug.cpp:17 ZionyasVan@ÎŇµÄWINDOWS10-1
ERROR 2026-07-16 19:05:16,231 NE_RS_UNBLDRE: Unable to load application resource file /resources/resources/css/styles.css D:\a\neutralinojs\neutralinojs\api\debug\debug.cpp:17 ZionyasVan@ÎŇµÄWINDOWS10-1
ERROR 2026-07-16 19:05:16,928 NE_RS_UNBLDRE: Unable to load application resource file /resources/favicon.ico D:\a\neutralinojs\neutralinojs\api\debug\debug.cpp:17 ZionyasVan@ÎŇµÄWINDOWS10-1
ERROR 2026-07-16 19:07:32,223 NE_RS_UNBLDRE: Unable to load application resource file /resources/.well-known/appspecific/com.chrome.devtools.json D:\a\neutralinojs\neutralinojs\api\debug\debug.cpp:17 ZionyasVan@ÎŇµÄWINDOWS10-1
INFO 2026-07-16 19:10:19,453 Reloading the application... D:\a\neutralinojs\neutralinojs\api\debug\debug.cpp:14 ZionyasVan@ÎŇµÄWINDOWS10-1
INFO 2026-07-16 19:10:19,461 Reloading the application... D:\a\neutralinojs\neutralinojs\api\debug\debug.cpp:14 ZionyasVan@ÎŇµÄWINDOWS10-1
INFO 2026-07-16 19:10:19,468 Reloading the application... D:\a\neutralinojs\neutralinojs\api\debug\debug.cpp:14 ZionyasVan@ÎŇµÄWINDOWS10-1
ERROR 2026-07-16 19:10:19,873 NE_RS_UNBLDRE: Unable to load application resource file /resources/css/styles.css D:\a\neutralinojs\neutralinojs\api\debug\debug.cpp:17 ZionyasVan@ÎŇµÄWINDOWS10-1
ERROR 2026-07-16 19:10:21,167 NE_RS_UNBLDRE: Unable to load application resource file /resources/.well-known/appspecific/com.chrome.devtools.json D:\a\neutralinojs\neutralinojs\api\debug\debug.cpp:17 ZionyasVan@ÎŇµÄWINDOWS10-1
ERROR 2026-07-16 19:10:21,844 NE_RS_UNBLDRE: Unable to load application resource file /resources/css/styles.css D:\a\neutralinojs\neutralinojs\api\debug\debug.cpp:17 ZionyasVan@ÎŇµÄWINDOWS10-1
INFO 2026-07-16 19:10:28,646 Auth info was exported to ./.tmp/auth_info.json D:\a\neutralinojs\neutralinojs\api\debug\debug.cpp:14 ZionyasVan@ÎŇµÄWINDOWS10-1
ERROR 2026-07-16 19:10:33,069 NE_RS_UNBLDRE: Unable to load application resource file /resources/css/styles.css D:\a\neutralinojs\neutralinojs\api\debug\debug.cpp:17 ZionyasVan@ÎŇµÄWINDOWS10-1
ERROR 2026-07-16 19:10:34,216 NE_RS_UNBLDRE: Unable to load application resource file /resources/favicon.ico D:\a\neutralinojs\neutralinojs\api\debug\debug.cpp:17 ZionyasVan@ÎŇµÄWINDOWS10-1
ERROR 2026-07-16 19:10:34,407 NE_RS_UNBLDRE: Unable to load application resource file /resources/css/styles.css D:\a\neutralinojs\neutralinojs\api\debug\debug.cpp:17 ZionyasVan@ÎŇµÄWINDOWS10-1
ERROR 2026-07-16 19:10:39,993 NE_RS_UNBLDRE: Unable to load application resource file /resources/css/styles.css D:\a\neutralinojs\neutralinojs\api\debug\debug.cpp:17 ZionyasVan@ÎŇµÄWINDOWS10-1
ERROR 2026-07-16 19:10:40,401 NE_RS_UNBLDRE: Unable to load application resource file /resources/.well-known/appspecific/com.chrome.devtools.json D:\a\neutralinojs\neutralinojs\api\debug\debug.cpp:17 ZionyasVan@ÎŇµÄWINDOWS10-1
INFO 2026-07-16 19:13:09,930 Reloading the application... D:\a\neutralinojs\neutralinojs\api\debug\debug.cpp:14 ZionyasVan@ÎŇµÄWINDOWS10-1
ERROR 2026-07-16 19:13:10,953 NE_RS_UNBLDRE: Unable to load application resource file /resources/.well-known/appspecific/com.chrome.devtools.json D:\a\neutralinojs\neutralinojs\api\debug\debug.cpp:17 ZionyasVan@ÎŇµÄWINDOWS10-1
INFO 2026-07-16 19:16:49,296 Reloading the application... D:\a\neutralinojs\neutralinojs\api\debug\debug.cpp:14 ZionyasVan@ÎŇµÄWINDOWS10-1
ERROR 2026-07-16 19:16:49,815 NE_RS_UNBLDRE: Unable to load application resource file /resources/.well-known/appspecific/com.chrome.devtools.json D:\a\neutralinojs\neutralinojs\api\debug\debug.cpp:17 ZionyasVan@ÎŇµÄWINDOWS10-1
INFO 2026-07-16 19:18:28,858 Reloading the application... D:\a\neutralinojs\neutralinojs\api\debug\debug.cpp:14 ZionyasVan@ÎŇµÄWINDOWS10-1
ERROR 2026-07-16 19:18:29,465 NE_RS_UNBLDRE: Unable to load application resource file /resources/.well-known/appspecific/com.chrome.devtools.json D:\a\neutralinojs\neutralinojs\api\debug\debug.cpp:17 ZionyasVan@ÎŇµÄWINDOWS10-1
INFO 2026-07-16 19:19:19,595 Reloading the application... D:\a\neutralinojs\neutralinojs\api\debug\debug.cpp:14 ZionyasVan@ÎŇµÄWINDOWS10-1
ERROR 2026-07-16 19:19:21,092 NE_RS_UNBLDRE: Unable to load application resource file /resources/.well-known/appspecific/com.chrome.devtools.json D:\a\neutralinojs\neutralinojs\api\debug\debug.cpp:17 ZionyasVan@ÎŇµÄWINDOWS10-1
INFO 2026-07-16 19:19:25,872 Reloading the application... D:\a\neutralinojs\neutralinojs\api\debug\debug.cpp:14 ZionyasVan@ÎŇµÄWINDOWS10-1
ERROR 2026-07-16 19:19:27,376 NE_RS_UNBLDRE: Unable to load application resource file /resources/.well-known/appspecific/com.chrome.devtools.json D:\a\neutralinojs\neutralinojs\api\debug\debug.cpp:17 ZionyasVan@ÎŇµÄWINDOWS10-1
INFO 2026-07-16 19:23:52,279 Reloading the application... D:\a\neutralinojs\neutralinojs\api\debug\debug.cpp:14 ZionyasVan@ÎŇµÄWINDOWS10-1
ERROR 2026-07-16 19:23:54,087 NE_RS_UNBLDRE: Unable to load application resource file /resources/.well-known/appspecific/com.chrome.devtools.json D:\a\neutralinojs\neutralinojs\api\debug\debug.cpp:17 ZionyasVan@ÎŇµÄWINDOWS10-1
INFO 2026-07-16 19:25:04,481 Reloading the application... D:\a\neutralinojs\neutralinojs\api\debug\debug.cpp:14 ZionyasVan@ÎŇµÄWINDOWS10-1
ERROR 2026-07-16 19:25:05,436 NE_RS_UNBLDRE: Unable to load application resource file /resources/.well-known/appspecific/com.chrome.devtools.json D:\a\neutralinojs\neutralinojs\api\debug\debug.cpp:17 ZionyasVan@ÎŇµÄWINDOWS10-1
INFO 2026-07-16 19:25:37,820 Reloading the application... D:\a\neutralinojs\neutralinojs\api\debug\debug.cpp:14 ZionyasVan@ÎŇµÄWINDOWS10-1
ERROR 2026-07-16 19:25:39,720 NE_RS_UNBLDRE: Unable to load application resource file /resources/.well-known/appspecific/com.chrome.devtools.json D:\a\neutralinojs\neutralinojs\api\debug\debug.cpp:17 ZionyasVan@ÎŇµÄWINDOWS10-1
INFO 2026-07-16 19:26:09,539 Reloading the application... D:\a\neutralinojs\neutralinojs\api\debug\debug.cpp:14 ZionyasVan@ÎŇµÄWINDOWS10-1
ERROR 2026-07-16 19:26:11,388 NE_RS_UNBLDRE: Unable to load application resource file /resources/.well-known/appspecific/com.chrome.devtools.json D:\a\neutralinojs\neutralinojs\api\debug\debug.cpp:17 ZionyasVan@ÎŇµÄWINDOWS10-1
INFO 2026-07-16 19:26:20,642 Reloading the application... D:\a\neutralinojs\neutralinojs\api\debug\debug.cpp:14 ZionyasVan@ÎŇµÄWINDOWS10-1
ERROR 2026-07-16 19:26:23,221 NE_RS_UNBLDRE: Unable to load application resource file /resources/.well-known/appspecific/com.chrome.devtools.json D:\a\neutralinojs\neutralinojs\api\debug\debug.cpp:17 ZionyasVan@ÎŇµÄWINDOWS10-1
INFO 2026-07-16 19:27:07,168 Reloading the application... D:\a\neutralinojs\neutralinojs\api\debug\debug.cpp:14 ZionyasVan@ÎŇµÄWINDOWS10-1
ERROR 2026-07-16 19:27:08,035 NE_RS_UNBLDRE: Unable to load application resource file /resources/.well-known/appspecific/com.chrome.devtools.json D:\a\neutralinojs\neutralinojs\api\debug\debug.cpp:17 ZionyasVan@ÎŇµÄWINDOWS10-1
INFO 2026-07-16 19:36:59,205 Auth info was exported to ./.tmp/auth_info.json D:\a\neutralinojs\neutralinojs\api\debug\debug.cpp:14 ZionyasVan@ÎŇµÄWINDOWS10-1
ERROR 2026-07-16 19:37:05,500 NE_RS_UNBLDRE: Unable to load application resource file /resources/favicon.ico D:\a\neutralinojs\neutralinojs\api\debug\debug.cpp:17 ZionyasVan@ÎŇµÄWINDOWS10-1
ERROR 2026-07-16 19:37:17,690 NE_RS_UNBLDRE: Unable to load application resource file /resources/.well-known/appspecific/com.chrome.devtools.json D:\a\neutralinojs\neutralinojs\api\debug\debug.cpp:17 ZionyasVan@ÎŇµÄWINDOWS10-1
INFO 2026-07-16 19:43:42,114 Reloading the application... D:\a\neutralinojs\neutralinojs\api\debug\debug.cpp:14 ZionyasVan@ÎŇµÄWINDOWS10-1
INFO 2026-07-16 19:44:09,110 Reloading the application... D:\a\neutralinojs\neutralinojs\api\debug\debug.cpp:14 ZionyasVan@ÎŇµÄWINDOWS10-1
INFO 2026-07-16 19:44:21,182 Reloading the application... D:\a\neutralinojs\neutralinojs\api\debug\debug.cpp:14 ZionyasVan@ÎŇµÄWINDOWS10-1
INFO 2026-07-16 19:45:21,066 Reloading the application... D:\a\neutralinojs\neutralinojs\api\debug\debug.cpp:14 ZionyasVan@ÎŇµÄWINDOWS10-1
INFO 2026-07-16 19:46:23,651 Reloading the application... D:\a\neutralinojs\neutralinojs\api\debug\debug.cpp:14 ZionyasVan@ÎŇµÄWINDOWS10-1
INFO 2026-07-16 19:47:20,015 Reloading the application... D:\a\neutralinojs\neutralinojs\api\debug\debug.cpp:14 ZionyasVan@ÎŇµÄWINDOWS10-1
INFO 2026-07-16 19:48:27,542 Reloading the application... D:\a\neutralinojs\neutralinojs\api\debug\debug.cpp:14 ZionyasVan@ÎŇµÄWINDOWS10-1
INFO 2026-07-16 19:49:05,497 Reloading the application... D:\a\neutralinojs\neutralinojs\api\debug\debug.cpp:14 ZionyasVan@ÎŇµÄWINDOWS10-1
INFO 2026-07-16 19:50:12,346 Reloading the application... D:\a\neutralinojs\neutralinojs\api\debug\debug.cpp:14 ZionyasVan@ÎŇµÄWINDOWS10-1
INFO 2026-07-16 19:51:56,585 Reloading the application... D:\a\neutralinojs\neutralinojs\api\debug\debug.cpp:14 ZionyasVan@ÎŇµÄWINDOWS10-1
INFO 2026-07-16 19:53:11,099 Reloading the application... D:\a\neutralinojs\neutralinojs\api\debug\debug.cpp:14 ZionyasVan@ÎŇµÄWINDOWS10-1
INFO 2026-07-16 19:53:59,488 Reloading the application... D:\a\neutralinojs\neutralinojs\api\debug\debug.cpp:14 ZionyasVan@ÎŇµÄWINDOWS10-1
INFO 2026-07-16 19:54:53,547 Reloading the application... D:\a\neutralinojs\neutralinojs\api\debug\debug.cpp:14 ZionyasVan@ÎŇµÄWINDOWS10-1
ERROR 2026-07-16 19:57:45,150 NE_RS_UNBLDRE: Unable to load application resource file /resources/htçš„tps://contrib.rocks/image D:\a\neutralinojs\neutralinojs\api\debug\debug.cpp:17 ZionyasVan@ÎŇµÄWINDOWS10-1
INFO 2026-07-16 20:00:35,012 Reloading the application... D:\a\neutralinojs\neutralinojs\api\debug\debug.cpp:14 ZionyasVan@ÎŇµÄWINDOWS10-1
INFO 2026-07-16 20:01:24,852 Reloading the application... D:\a\neutralinojs\neutralinojs\api\debug\debug.cpp:14 ZionyasVan@ÎŇµÄWINDOWS10-1
ERROR 2026-07-16 20:03:17,523 NE_RS_UNBLDRE: Unable to load application resource file /resources/.well-known/appspecific/com.chrome.devtools.json D:\a\neutralinojs\neutralinojs\api\debug\debug.cpp:17 ZionyasVan@ÎŇµÄWINDOWS10-1
INFO 2026-07-16 20:09:14,352 Reloading the application... D:\a\neutralinojs\neutralinojs\api\debug\debug.cpp:14 ZionyasVan@ÎŇµÄWINDOWS10-1
ERROR 2026-07-16 20:09:16,312 NE_RS_UNBLDRE: Unable to load application resource file /resources/.well-known/appspecific/com.chrome.devtools.json D:\a\neutralinojs\neutralinojs\api\debug\debug.cpp:17 ZionyasVan@ÎŇµÄWINDOWS10-1
INFO 2026-07-16 20:16:49,244 Reloading the application... D:\a\neutralinojs\neutralinojs\api\debug\debug.cpp:14 ZionyasVan@ÎŇµÄWINDOWS10-1
ERROR 2026-07-16 20:16:52,834 NE_RS_UNBLDRE: Unable to load application resource file /resources/.well-known/appspecific/com.chrome.devtools.json D:\a\neutralinojs\neutralinojs\api\debug\debug.cpp:17 ZionyasVan@ÎŇµÄWINDOWS10-1
INFO 2026-07-16 20:18:43,854 Reloading the application... D:\a\neutralinojs\neutralinojs\api\debug\debug.cpp:14 ZionyasVan@ÎŇµÄWINDOWS10-1
ERROR 2026-07-16 20:18:45,840 NE_RS_UNBLDRE: Unable to load application resource file /resources/.well-known/appspecific/com.chrome.devtools.json D:\a\neutralinojs\neutralinojs\api\debug\debug.cpp:17 ZionyasVan@ÎŇµÄWINDOWS10-1
INFO 2026-07-16 20:31:37,738 Reloading the application... D:\a\neutralinojs\neutralinojs\api\debug\debug.cpp:14 ZionyasVan@ÎŇµÄWINDOWS10-1
ERROR 2026-07-16 20:31:45,616 NE_RS_UNBLDRE: Unable to load application resource file /resources/.well-known/appspecific/com.chrome.devtools.json D:\a\neutralinojs\neutralinojs\api\debug\debug.cpp:17 ZionyasVan@ÎŇµÄWINDOWS10-1
INFO 2026-07-16 20:32:31,281 Reloading the application... D:\a\neutralinojs\neutralinojs\api\debug\debug.cpp:14 ZionyasVan@ÎŇµÄWINDOWS10-1
INFO 2026-07-16 20:32:31,285 Reloading the application... D:\a\neutralinojs\neutralinojs\api\debug\debug.cpp:14 ZionyasVan@ÎŇµÄWINDOWS10-1
INFO 2026-07-16 20:32:31,289 Reloading the application... D:\a\neutralinojs\neutralinojs\api\debug\debug.cpp:14 ZionyasVan@ÎŇµÄWINDOWS10-1
ERROR 2026-07-16 20:32:32,226 NE_RS_UNBLDRE: Unable to load application resource file /resources/.well-known/appspecific/com.chrome.devtools.json D:\a\neutralinojs\neutralinojs\api\debug\debug.cpp:17 ZionyasVan@ÎŇµÄWINDOWS10-1
INFO 2026-07-16 20:36:39,345 Reloading the application... D:\a\neutralinojs\neutralinojs\api\debug\debug.cpp:14 ZionyasVan@ÎŇµÄWINDOWS10-1
ERROR 2026-07-16 20:36:40,201 NE_RS_UNBLDRE: Unable to load application resource file /resources/.well-known/appspecific/com.chrome.devtools.json D:\a\neutralinojs\neutralinojs\api\debug\debug.cpp:17 ZionyasVan@ÎŇµÄWINDOWS10-1
INFO 2026-07-16 20:39:01,076 Reloading the application... D:\a\neutralinojs\neutralinojs\api\debug\debug.cpp:14 ZionyasVan@ÎŇµÄWINDOWS10-1
ERROR 2026-07-16 20:39:03,070 NE_RS_UNBLDRE: Unable to load application resource file /resources/.well-known/appspecific/com.chrome.devtools.json D:\a\neutralinojs\neutralinojs\api\debug\debug.cpp:17 ZionyasVan@ÎŇµÄWINDOWS10-1
INFO 2026-07-16 20:40:56,306 Reloading the application... D:\a\neutralinojs\neutralinojs\api\debug\debug.cpp:14 ZionyasVan@ÎŇµÄWINDOWS10-1
ERROR 2026-07-16 20:40:57,753 NE_RS_UNBLDRE: Unable to load application resource file /resources/.well-known/appspecific/com.chrome.devtools.json D:\a\neutralinojs\neutralinojs\api\debug\debug.cpp:17 ZionyasVan@ÎŇµÄWINDOWS10-1
INFO 2026-07-16 20:41:57,618 Reloading the application... D:\a\neutralinojs\neutralinojs\api\debug\debug.cpp:14 ZionyasVan@ÎŇµÄWINDOWS10-1
ERROR 2026-07-16 20:41:59,274 NE_RS_UNBLDRE: Unable to load application resource file /resources/.well-known/appspecific/com.chrome.devtools.json D:\a\neutralinojs\neutralinojs\api\debug\debug.cpp:17 ZionyasVan@ÎŇµÄWINDOWS10-1
INFO 2026-07-16 21:10:38,511 Reloading the application... D:\a\neutralinojs\neutralinojs\api\debug\debug.cpp:14 ZionyasVan@ÎŇµÄWINDOWS10-1
INFO 2026-07-16 21:10:38,666 Reloading the application... D:\a\neutralinojs\neutralinojs\api\debug\debug.cpp:14 ZionyasVan@ÎŇµÄWINDOWS10-1
ERROR 2026-07-16 21:10:40,405 NE_RS_UNBLDRE: Unable to load application resource file /resources/.well-known/appspecific/com.chrome.devtools.json D:\a\neutralinojs\neutralinojs\api\debug\debug.cpp:17 ZionyasVan@ÎŇµÄWINDOWS10-1
INFO 2026-07-16 21:10:54,276 Reloading the application... D:\a\neutralinojs\neutralinojs\api\debug\debug.cpp:14 ZionyasVan@ÎŇµÄWINDOWS10-1
INFO 2026-07-16 21:10:54,691 Reloading the application... D:\a\neutralinojs\neutralinojs\api\debug\debug.cpp:14 ZionyasVan@ÎŇµÄWINDOWS10-1
ERROR 2026-07-16 21:10:56,586 NE_RS_UNBLDRE: Unable to load application resource file /resources/.well-known/appspecific/com.chrome.devtools.json D:\a\neutralinojs\neutralinojs\api\debug\debug.cpp:17 ZionyasVan@ÎŇµÄWINDOWS10-1
INFO 2026-07-16 21:11:48,786 Reloading the application... D:\a\neutralinojs\neutralinojs\api\debug\debug.cpp:14 ZionyasVan@ÎŇµÄWINDOWS10-1
INFO 2026-07-16 21:11:48,937 Reloading the application... D:\a\neutralinojs\neutralinojs\api\debug\debug.cpp:14 ZionyasVan@ÎŇµÄWINDOWS10-1
INFO 2026-07-16 21:11:48,953 Reloading the application... D:\a\neutralinojs\neutralinojs\api\debug\debug.cpp:14 ZionyasVan@ÎŇµÄWINDOWS10-1
INFO 2026-07-16 21:11:48,958 Reloading the application... D:\a\neutralinojs\neutralinojs\api\debug\debug.cpp:14 ZionyasVan@ÎŇµÄWINDOWS10-1
ERROR 2026-07-16 21:11:50,618 NE_RS_UNBLDRE: Unable to load application resource file /resources/.well-known/appspecific/com.chrome.devtools.json D:\a\neutralinojs\neutralinojs\api\debug\debug.cpp:17 ZionyasVan@ÎŇµÄWINDOWS10-1
INFO 2026-07-16 21:15:43,428 Reloading the application... D:\a\neutralinojs\neutralinojs\api\debug\debug.cpp:14 ZionyasVan@ÎŇµÄWINDOWS10-1
ERROR 2026-07-16 21:15:45,499 NE_RS_UNBLDRE: Unable to load application resource file /resources/.well-known/appspecific/com.chrome.devtools.json D:\a\neutralinojs\neutralinojs\api\debug\debug.cpp:17 ZionyasVan@ÎŇµÄWINDOWS10-1
ERROR 2026-07-16 21:16:05,728 NE_RS_UNBLDRE: Unable to load application resource file /resources/htçš„tps://contrib.rocks/image D:\a\neutralinojs\neutralinojs\api\debug\debug.cpp:17 ZionyasVan@ÎŇµÄWINDOWS10-1
INFO 2026-07-16 21:20:18,166 Reloading the application... D:\a\neutralinojs\neutralinojs\api\debug\debug.cpp:14 ZionyasVan@ÎŇµÄWINDOWS10-1
ERROR 2026-07-16 21:20:20,091 NE_RS_UNBLDRE: Unable to load application resource file /resources/.well-known/appspecific/com.chrome.devtools.json D:\a\neutralinojs\neutralinojs\api\debug\debug.cpp:17 ZionyasVan@ÎŇµÄWINDOWS10-1
INFO 2026-07-16 21:20:49,518 Reloading the application... D:\a\neutralinojs\neutralinojs\api\debug\debug.cpp:14 ZionyasVan@ÎŇµÄWINDOWS10-1
ERROR 2026-07-16 21:20:51,847 NE_RS_UNBLDRE: Unable to load application resource file /resources/.well-known/appspecific/com.chrome.devtools.json D:\a\neutralinojs\neutralinojs\api\debug\debug.cpp:17 ZionyasVan@ÎŇµÄWINDOWS10-1
INFO 2026-07-16 21:25:31,872 Reloading the application... D:\a\neutralinojs\neutralinojs\api\debug\debug.cpp:14 ZionyasVan@ÎŇµÄWINDOWS10-1
ERROR 2026-07-16 21:25:32,485 NE_RS_UNBLDRE: Unable to load application resource file /resources/.well-known/appspecific/com.chrome.devtools.json D:\a\neutralinojs\neutralinojs\api\debug\debug.cpp:17 ZionyasVan@ÎŇµÄWINDOWS10-1
INFO 2026-07-16 21:26:02,291 Reloading the application... D:\a\neutralinojs\neutralinojs\api\debug\debug.cpp:14 ZionyasVan@ÎŇµÄWINDOWS10-1
ERROR 2026-07-16 21:26:04,006 NE_RS_UNBLDRE: Unable to load application resource file /resources/.well-known/appspecific/com.chrome.devtools.json D:\a\neutralinojs\neutralinojs\api\debug\debug.cpp:17 ZionyasVan@ÎŇµÄWINDOWS10-1
INFO 2026-07-16 21:26:33,855 Reloading the application... D:\a\neutralinojs\neutralinojs\api\debug\debug.cpp:14 ZionyasVan@ÎŇµÄWINDOWS10-1
ERROR 2026-07-16 21:26:35,439 NE_RS_UNBLDRE: Unable to load application resource file /resources/.well-known/appspecific/com.chrome.devtools.json D:\a\neutralinojs\neutralinojs\api\debug\debug.cpp:17 ZionyasVan@ÎŇµÄWINDOWS10-1
INFO 2026-07-16 21:26:49,329 Reloading the application... D:\a\neutralinojs\neutralinojs\api\debug\debug.cpp:14 ZionyasVan@ÎŇµÄWINDOWS10-1
ERROR 2026-07-16 21:26:50,948 NE_RS_UNBLDRE: Unable to load application resource file /resources/.well-known/appspecific/com.chrome.devtools.json D:\a\neutralinojs\neutralinojs\api\debug\debug.cpp:17 ZionyasVan@ÎŇµÄWINDOWS10-1
INFO 2026-07-16 21:26:58,364 Reloading the application... D:\a\neutralinojs\neutralinojs\api\debug\debug.cpp:14 ZionyasVan@ÎŇµÄWINDOWS10-1
ERROR 2026-07-16 21:26:59,925 NE_RS_UNBLDRE: Unable to load application resource file /resources/.well-known/appspecific/com.chrome.devtools.json D:\a\neutralinojs\neutralinojs\api\debug\debug.cpp:17 ZionyasVan@ÎŇµÄWINDOWS10-1
INFO 2026-07-16 21:27:07,375 Reloading the application... D:\a\neutralinojs\neutralinojs\api\debug\debug.cpp:14 ZionyasVan@ÎŇµÄWINDOWS10-1
ERROR 2026-07-16 21:27:08,984 NE_RS_UNBLDRE: Unable to load application resource file /resources/.well-known/appspecific/com.chrome.devtools.json D:\a\neutralinojs\neutralinojs\api\debug\debug.cpp:17 ZionyasVan@ÎŇµÄWINDOWS10-1
INFO 2026-07-16 21:29:02,846 Reloading the application... D:\a\neutralinojs\neutralinojs\api\debug\debug.cpp:14 ZionyasVan@ÎŇµÄWINDOWS10-1
ERROR 2026-07-16 21:29:05,741 NE_RS_UNBLDRE: Unable to load application resource file /resources/.well-known/appspecific/com.chrome.devtools.json D:\a\neutralinojs\neutralinojs\api\debug\debug.cpp:17 ZionyasVan@ÎŇµÄWINDOWS10-1
INFO 2026-07-16 21:32:52,805 Reloading the application... D:\a\neutralinojs\neutralinojs\api\debug\debug.cpp:14 ZionyasVan@ÎŇµÄWINDOWS10-1
ERROR 2026-07-16 21:33:12,811 NE_RS_UNBLDRE: Unable to load application resource file /resources/htçš„tps://contrib.rocks/image D:\a\neutralinojs\neutralinojs\api\debug\debug.cpp:17 ZionyasVan@ÎŇµÄWINDOWS10-1
ERROR 2026-07-16 21:33:17,398 NE_RS_UNBLDRE: Unable to load application resource file /resources/htçš„tps://contrib.rocks/image D:\a\neutralinojs\neutralinojs\api\debug\debug.cpp:17 ZionyasVan@ÎŇµÄWINDOWS10-1
ERROR 2026-07-16 21:33:20,849 NE_RS_UNBLDRE: Unable to load application resource file /resources/htçš„tps://contrib.rocks/image D:\a\neutralinojs\neutralinojs\api\debug\debug.cpp:17 ZionyasVan@ÎŇµÄWINDOWS10-1
ERROR 2026-07-16 21:33:22,552 NE_RS_UNBLDRE: Unable to load application resource file /resources/htçš„tps://contrib.rocks/image D:\a\neutralinojs\neutralinojs\api\debug\debug.cpp:17 ZionyasVan@ÎŇµÄWINDOWS10-1
INFO 2026-07-16 21:39:24,541 Reloading the application... D:\a\neutralinojs\neutralinojs\api\debug\debug.cpp:14 ZionyasVan@ÎŇµÄWINDOWS10-1
INFO 2026-07-16 21:39:55,674 Reloading the application... D:\a\neutralinojs\neutralinojs\api\debug\debug.cpp:14 ZionyasVan@ÎŇµÄWINDOWS10-1
INFO 2026-07-16 21:40:07,420 Auth info was exported to ./.tmp/auth_info.json D:\a\neutralinojs\neutralinojs\api\debug\debug.cpp:14 ZionyasVan@ÎŇµÄWINDOWS10-1
ERROR 2026-07-16 21:40:11,817 NE_RS_UNBLDRE: Unable to load application resource file /resources/favicon.ico D:\a\neutralinojs\neutralinojs\api\debug\debug.cpp:17 ZionyasVan@ÎŇµÄWINDOWS10-1
ERROR 2026-07-16 21:40:17,417 NE_RS_UNBLDRE: Unable to load application resource file /resources/.well-known/appspecific/com.chrome.devtools.json D:\a\neutralinojs\neutralinojs\api\debug\debug.cpp:17 ZionyasVan@ÎŇµÄWINDOWS10-1
INFO 2026-07-16 21:42:29,615 Reloading the application... D:\a\neutralinojs\neutralinojs\api\debug\debug.cpp:14 ZionyasVan@ÎŇµÄWINDOWS10-1
INFO 2026-07-16 21:43:02,822 Auth info was exported to ./.tmp/auth_info.json D:\a\neutralinojs\neutralinojs\api\debug\debug.cpp:14 ZionyasVan@ÎŇµÄWINDOWS10-1
ERROR 2026-07-16 21:43:09,935 NE_RS_UNBLDRE: Unable to load application resource file /resources/favicon.ico D:\a\neutralinojs\neutralinojs\api\debug\debug.cpp:17 ZionyasVan@ÎŇµÄWINDOWS10-1
ERROR 2026-07-16 21:43:10,043 NE_RS_UNBLDRE: Unable to load application resource file /resources/.well-known/appspecific/com.chrome.devtools.json D:\a\neutralinojs\neutralinojs\api\debug\debug.cpp:17 ZionyasVan@ÎŇµÄWINDOWS10-1
INFO 2026-07-17 12:04:36,343 Auth info was exported to ./.tmp/auth_info.json D:\a\neutralinojs\neutralinojs\api\debug\debug.cpp:14 ZionyasVan@ÎŇµÄWINDOWS10-1
ERROR 2026-07-17 12:04:41,065 NE_RS_UNBLDRE: Unable to load application resource file /resources/favicon.ico D:\a\neutralinojs\neutralinojs\api\debug\debug.cpp:17 ZionyasVan@ÎŇµÄWINDOWS10-1
INFO 2026-07-17 12:10:05,694 Auth info was exported to ./.tmp/auth_info.json D:\a\neutralinojs\neutralinojs\api\debug\debug.cpp:14 ZionyasVan@ÎŇµÄWINDOWS10-1
ERROR 2026-07-17 12:10:09,159 NE_RS_UNBLDRE: Unable to load application resource file /resources/favicon.ico D:\a\neutralinojs\neutralinojs\api\debug\debug.cpp:17 ZionyasVan@ÎŇµÄWINDOWS10-1
INFO 2026-07-17 12:19:09,575 Reloading the application... D:\a\neutralinojs\neutralinojs\api\debug\debug.cpp:14 ZionyasVan@ÎŇµÄWINDOWS10-1
INFO 2026-07-17 12:21:20,828 Reloading the application... D:\a\neutralinojs\neutralinojs\api\debug\debug.cpp:14 ZionyasVan@ÎŇµÄWINDOWS10-1
INFO 2026-07-17 12:21:20,848 Reloading the application... D:\a\neutralinojs\neutralinojs\api\debug\debug.cpp:14 ZionyasVan@ÎŇµÄWINDOWS10-1
INFO 2026-07-17 12:21:20,848 Reloading the application... D:\a\neutralinojs\neutralinojs\api\debug\debug.cpp:14 ZionyasVan@ÎŇµÄWINDOWS10-1
INFO 2026-07-17 12:21:44,069 Reloading the application... D:\a\neutralinojs\neutralinojs\api\debug\debug.cpp:14 ZionyasVan@ÎŇµÄWINDOWS10-1
INFO 2026-07-17 12:32:42,633 Reloading the application... D:\a\neutralinojs\neutralinojs\api\debug\debug.cpp:14 ZionyasVan@ÎŇµÄWINDOWS10-1
INFO 2026-07-17 12:32:56,368 Reloading the application... D:\a\neutralinojs\neutralinojs\api\debug\debug.cpp:14 ZionyasVan@ÎŇµÄWINDOWS10-1
INFO 2026-07-17 12:34:22,796 Reloading the application... D:\a\neutralinojs\neutralinojs\api\debug\debug.cpp:14 ZionyasVan@ÎŇµÄWINDOWS10-1
INFO 2026-07-17 12:34:22,998 Reloading the application... D:\a\neutralinojs\neutralinojs\api\debug\debug.cpp:14 ZionyasVan@ÎŇµÄWINDOWS10-1
INFO 2026-07-17 12:34:23,036 Reloading the application... D:\a\neutralinojs\neutralinojs\api\debug\debug.cpp:14 ZionyasVan@ÎŇµÄWINDOWS10-1
INFO 2026-07-17 12:36:51,803 Reloading the application... D:\a\neutralinojs\neutralinojs\api\debug\debug.cpp:14 ZionyasVan@ÎŇµÄWINDOWS10-1
INFO 2026-07-17 12:37:43,424 Reloading the application... D:\a\neutralinojs\neutralinojs\api\debug\debug.cpp:14 ZionyasVan@ÎŇµÄWINDOWS10-1
INFO 2026-07-17 12:37:43,440 Reloading the application... D:\a\neutralinojs\neutralinojs\api\debug\debug.cpp:14 ZionyasVan@ÎŇµÄWINDOWS10-1
INFO 2026-07-17 12:48:29,924 Reloading the application... D:\a\neutralinojs\neutralinojs\api\debug\debug.cpp:14 ZionyasVan@ÎŇµÄWINDOWS10-1
INFO 2026-07-17 12:51:45,412 Reloading the application... D:\a\neutralinojs\neutralinojs\api\debug\debug.cpp:14 ZionyasVan@ÎŇµÄWINDOWS10-1
INFO 2026-07-17 12:51:45,426 Reloading the application... D:\a\neutralinojs\neutralinojs\api\debug\debug.cpp:14 ZionyasVan@ÎŇµÄWINDOWS10-1
INFO 2026-07-17 12:51:56,421 Reloading the application... D:\a\neutralinojs\neutralinojs\api\debug\debug.cpp:14 ZionyasVan@ÎŇµÄWINDOWS10-1
INFO 2026-07-17 12:53:39,692 Reloading the application... D:\a\neutralinojs\neutralinojs\api\debug\debug.cpp:14 ZionyasVan@ÎŇµÄWINDOWS10-1
INFO 2026-07-17 13:03:12,976 Reloading the application... D:\a\neutralinojs\neutralinojs\api\debug\debug.cpp:14 ZionyasVan@ÎŇµÄWINDOWS10-1
INFO 2026-07-17 13:03:13,171 Reloading the application... D:\a\neutralinojs\neutralinojs\api\debug\debug.cpp:14 ZionyasVan@ÎŇµÄWINDOWS10-1
INFO 2026-07-17 13:03:13,209 Reloading the application... D:\a\neutralinojs\neutralinojs\api\debug\debug.cpp:14 ZionyasVan@ÎŇµÄWINDOWS10-1
INFO 2026-07-17 13:03:13,212 Reloading the application... D:\a\neutralinojs\neutralinojs\api\debug\debug.cpp:14 ZionyasVan@ÎŇµÄWINDOWS10-1
INFO 2026-07-17 13:07:04,349 Reloading the application... D:\a\neutralinojs\neutralinojs\api\debug\debug.cpp:14 ZionyasVan@ÎŇµÄWINDOWS10-1
INFO 2026-07-17 13:07:46,564 Reloading the application... D:\a\neutralinojs\neutralinojs\api\debug\debug.cpp:14 ZionyasVan@ÎŇµÄWINDOWS10-1
INFO 2026-07-17 13:07:59,503 Reloading the application... D:\a\neutralinojs\neutralinojs\api\debug\debug.cpp:14 ZionyasVan@ÎŇµÄWINDOWS10-1
INFO 2026-07-17 13:11:36,765 Reloading the application... D:\a\neutralinojs\neutralinojs\api\debug\debug.cpp:14 ZionyasVan@ÎŇµÄWINDOWS10-1
INFO 2026-07-17 13:12:06,676 Reloading the application... D:\a\neutralinojs\neutralinojs\api\debug\debug.cpp:14 ZionyasVan@ÎŇµÄWINDOWS10-1
INFO 2026-07-17 13:12:06,861 Reloading the application... D:\a\neutralinojs\neutralinojs\api\debug\debug.cpp:14 ZionyasVan@ÎŇµÄWINDOWS10-1
INFO 2026-07-17 13:12:06,878 Reloading the application... D:\a\neutralinojs\neutralinojs\api\debug\debug.cpp:14 ZionyasVan@ÎŇµÄWINDOWS10-1
INFO 2026-07-17 13:15:24,126 Reloading the application... D:\a\neutralinojs\neutralinojs\api\debug\debug.cpp:14 ZionyasVan@ÎŇµÄWINDOWS10-1
INFO 2026-07-17 13:19:31,645 Reloading the application... D:\a\neutralinojs\neutralinojs\api\debug\debug.cpp:14 ZionyasVan@ÎŇµÄWINDOWS10-1
INFO 2026-07-17 13:20:08,245 Reloading the application... D:\a\neutralinojs\neutralinojs\api\debug\debug.cpp:14 ZionyasVan@ÎŇµÄWINDOWS10-1
INFO 2026-07-17 13:20:34,089 Reloading the application... D:\a\neutralinojs\neutralinojs\api\debug\debug.cpp:14 ZionyasVan@ÎŇµÄWINDOWS10-1
INFO 2026-07-17 13:21:44,907 Reloading the application... D:\a\neutralinojs\neutralinojs\api\debug\debug.cpp:14 ZionyasVan@ÎŇµÄWINDOWS10-1
INFO 2026-07-17 13:27:45,820 Auth info was exported to ./.tmp/auth_info.json D:\a\neutralinojs\neutralinojs\api\debug\debug.cpp:14 ZionyasVan@ÎŇµÄWINDOWS10-1
ERROR 2026-07-17 13:27:50,583 NE_RS_UNBLDRE: Unable to load application resource file /resources/favicon.ico D:\a\neutralinojs\neutralinojs\api\debug\debug.cpp:17 ZionyasVan@ÎŇµÄWINDOWS10-1
INFO 2026-07-17 13:37:23,812 Reloading the application... D:\a\neutralinojs\neutralinojs\api\debug\debug.cpp:14 ZionyasVan@ÎŇµÄWINDOWS10-1
INFO 2026-07-17 13:38:08,257 Reloading the application... D:\a\neutralinojs\neutralinojs\api\debug\debug.cpp:14 ZionyasVan@ÎŇµÄWINDOWS10-1
INFO 2026-07-17 13:38:08,263 Reloading the application... D:\a\neutralinojs\neutralinojs\api\debug\debug.cpp:14 ZionyasVan@ÎŇµÄWINDOWS10-1
INFO 2026-07-17 13:38:08,310 Reloading the application... D:\a\neutralinojs\neutralinojs\api\debug\debug.cpp:14 ZionyasVan@ÎŇµÄWINDOWS10-1
INFO 2026-07-17 13:38:44,828 Reloading the application... D:\a\neutralinojs\neutralinojs\api\debug\debug.cpp:14 ZionyasVan@ÎŇµÄWINDOWS10-1
INFO 2026-07-17 13:40:19,449 Reloading the application... D:\a\neutralinojs\neutralinojs\api\debug\debug.cpp:14 ZionyasVan@ÎŇµÄWINDOWS10-1
INFO 2026-07-17 13:42:11,710 Reloading the application... D:\a\neutralinojs\neutralinojs\api\debug\debug.cpp:14 ZionyasVan@ÎŇµÄWINDOWS10-1
INFO 2026-07-17 13:42:38,654 Reloading the application... D:\a\neutralinojs\neutralinojs\api\debug\debug.cpp:14 ZionyasVan@ÎŇµÄWINDOWS10-1
INFO 2026-07-17 13:42:38,692 Reloading the application... D:\a\neutralinojs\neutralinojs\api\debug\debug.cpp:14 ZionyasVan@ÎŇµÄWINDOWS10-1
INFO 2026-07-17 14:04:18,800 Reloading the application... D:\a\neutralinojs\neutralinojs\api\debug\debug.cpp:14 ZionyasVan@ÎŇµÄWINDOWS10-1
INFO 2026-07-17 14:04:43,728 Reloading the application... D:\a\neutralinojs\neutralinojs\api\debug\debug.cpp:14 ZionyasVan@ÎŇµÄWINDOWS10-1
INFO 2026-07-17 14:17:29,844 Reloading the application... D:\a\neutralinojs\neutralinojs\api\debug\debug.cpp:14 ZionyasVan@ÎŇµÄWINDOWS10-1
INFO 2026-07-17 14:17:29,964 Reloading the application... D:\a\neutralinojs\neutralinojs\api\debug\debug.cpp:14 ZionyasVan@ÎŇµÄWINDOWS10-1
INFO 2026-07-17 14:17:30,866 Reloading the application... D:\a\neutralinojs\neutralinojs\api\debug\debug.cpp:14 ZionyasVan@ÎŇµÄWINDOWS10-1
INFO 2026-07-17 14:17:31,094 Reloading the application... D:\a\neutralinojs\neutralinojs\api\debug\debug.cpp:14 ZionyasVan@ÎŇµÄWINDOWS10-1
INFO 2026-07-17 14:24:20,589 Reloading the application... D:\a\neutralinojs\neutralinojs\api\debug\debug.cpp:14 ZionyasVan@ÎŇµÄWINDOWS10-1
INFO 2026-07-17 14:31:23,262 Reloading the application... D:\a\neutralinojs\neutralinojs\api\debug\debug.cpp:14 ZionyasVan@ÎŇµÄWINDOWS10-1
INFO 2026-07-17 14:31:23,264 Reloading the application... D:\a\neutralinojs\neutralinojs\api\debug\debug.cpp:14 ZionyasVan@ÎŇµÄWINDOWS10-1
INFO 2026-07-17 14:31:23,278 Reloading the application... D:\a\neutralinojs\neutralinojs\api\debug\debug.cpp:14 ZionyasVan@ÎŇµÄWINDOWS10-1
INFO 2026-07-17 14:32:01,981 Reloading the application... D:\a\neutralinojs\neutralinojs\api\debug\debug.cpp:14 ZionyasVan@ÎŇµÄWINDOWS10-1
INFO 2026-07-17 14:37:30,319 Reloading the application... D:\a\neutralinojs\neutralinojs\api\debug\debug.cpp:14 ZionyasVan@ÎŇµÄWINDOWS10-1
INFO 2026-07-17 14:38:12,883 Reloading the application... D:\a\neutralinojs\neutralinojs\api\debug\debug.cpp:14 ZionyasVan@ÎŇµÄWINDOWS10-1
INFO 2026-07-17 14:38:14,023 Reloading the application... D:\a\neutralinojs\neutralinojs\api\debug\debug.cpp:14 ZionyasVan@ÎŇµÄWINDOWS10-1
INFO 2026-07-17 14:38:14,406 Reloading the application... D:\a\neutralinojs\neutralinojs\api\debug\debug.cpp:14 ZionyasVan@ÎŇµÄWINDOWS10-1
INFO 2026-07-17 14:38:14,644 Reloading the application... D:\a\neutralinojs\neutralinojs\api\debug\debug.cpp:14 ZionyasVan@ÎŇµÄWINDOWS10-1
INFO 2026-07-17 14:38:14,872 Reloading the application... D:\a\neutralinojs\neutralinojs\api\debug\debug.cpp:14 ZionyasVan@ÎŇµÄWINDOWS10-1
INFO 2026-07-17 14:52:06,466 Reloading the application... D:\a\neutralinojs\neutralinojs\api\debug\debug.cpp:14 ZionyasVan@ÎŇµÄWINDOWS10-1
INFO 2026-07-17 14:52:06,733 Reloading the application... D:\a\neutralinojs\neutralinojs\api\debug\debug.cpp:14 ZionyasVan@ÎŇµÄWINDOWS10-1
INFO 2026-07-17 14:52:06,733 Reloading the application... D:\a\neutralinojs\neutralinojs\api\debug\debug.cpp:14 ZionyasVan@ÎŇµÄWINDOWS10-1
INFO 2026-07-17 14:53:15,816 Reloading the application... D:\a\neutralinojs\neutralinojs\api\debug\debug.cpp:14 ZionyasVan@ÎŇµÄWINDOWS10-1
INFO 2026-07-17 14:55:33,979 Reloading the application... D:\a\neutralinojs\neutralinojs\api\debug\debug.cpp:14 ZionyasVan@ÎŇµÄWINDOWS10-1
INFO 2026-07-17 14:57:37,663 Reloading the application... D:\a\neutralinojs\neutralinojs\api\debug\debug.cpp:14 ZionyasVan@ÎŇµÄWINDOWS10-1
INFO 2026-07-17 14:57:37,667 Reloading the application... D:\a\neutralinojs\neutralinojs\api\debug\debug.cpp:14 ZionyasVan@ÎŇµÄWINDOWS10-1
INFO 2026-07-17 14:59:40,787 Reloading the application... D:\a\neutralinojs\neutralinojs\api\debug\debug.cpp:14 ZionyasVan@ÎŇµÄWINDOWS10-1
INFO 2026-07-17 14:59:40,801 Reloading the application... D:\a\neutralinojs\neutralinojs\api\debug\debug.cpp:14 ZionyasVan@ÎŇµÄWINDOWS10-1
INFO 2026-07-17 14:59:40,821 Reloading the application... D:\a\neutralinojs\neutralinojs\api\debug\debug.cpp:14 ZionyasVan@ÎŇµÄWINDOWS10-1
INFO 2026-07-17 15:02:21,430 Reloading the application... D:\a\neutralinojs\neutralinojs\api\debug\debug.cpp:14 ZionyasVan@ÎŇµÄWINDOWS10-1
INFO 2026-07-17 15:05:40,706 Reloading the application... D:\a\neutralinojs\neutralinojs\api\debug\debug.cpp:14 ZionyasVan@ÎŇµÄWINDOWS10-1
INFO 2026-07-17 15:06:20,728 Reloading the application... D:\a\neutralinojs\neutralinojs\api\debug\debug.cpp:14 ZionyasVan@ÎŇµÄWINDOWS10-1
INFO 2026-07-17 15:06:20,784 Reloading the application... D:\a\neutralinojs\neutralinojs\api\debug\debug.cpp:14 ZionyasVan@ÎŇµÄWINDOWS10-1
INFO 2026-07-17 15:10:33,178 Reloading the application... D:\a\neutralinojs\neutralinojs\api\debug\debug.cpp:14 ZionyasVan@ÎŇµÄWINDOWS10-1
INFO 2026-07-17 15:21:57,903 Reloading the application... D:\a\neutralinojs\neutralinojs\api\debug\debug.cpp:14 ZionyasVan@ÎŇµÄWINDOWS10-1
INFO 2026-07-17 15:23:03,835 Reloading the application... D:\a\neutralinojs\neutralinojs\api\debug\debug.cpp:14 ZionyasVan@ÎŇµÄWINDOWS10-1
INFO 2026-07-17 15:23:03,845 Reloading the application... D:\a\neutralinojs\neutralinojs\api\debug\debug.cpp:14 ZionyasVan@ÎŇµÄWINDOWS10-1
INFO 2026-07-17 15:23:03,847 Reloading the application... D:\a\neutralinojs\neutralinojs\api\debug\debug.cpp:14 ZionyasVan@ÎŇµÄWINDOWS10-1
INFO 2026-07-17 15:24:36,303 Reloading the application... D:\a\neutralinojs\neutralinojs\api\debug\debug.cpp:14 ZionyasVan@ÎŇµÄWINDOWS10-1
INFO 2026-07-17 15:37:42,236 Reloading the application... D:\a\neutralinojs\neutralinojs\api\debug\debug.cpp:14 ZionyasVan@ÎŇµÄWINDOWS10-1
INFO 2026-07-17 15:38:35,185 Reloading the application... D:\a\neutralinojs\neutralinojs\api\debug\debug.cpp:14 ZionyasVan@ÎŇµÄWINDOWS10-1
INFO 2026-07-17 15:39:51,181 Reloading the application... D:\a\neutralinojs\neutralinojs\api\debug\debug.cpp:14 ZionyasVan@ÎŇµÄWINDOWS10-1
INFO 2026-07-17 15:43:24,500 Reloading the application... D:\a\neutralinojs\neutralinojs\api\debug\debug.cpp:14 ZionyasVan@ÎŇµÄWINDOWS10-1
INFO 2026-07-17 15:45:09,881 Reloading the application... D:\a\neutralinojs\neutralinojs\api\debug\debug.cpp:14 ZionyasVan@ÎŇµÄWINDOWS10-1
INFO 2026-07-17 15:52:22,796 Reloading the application... D:\a\neutralinojs\neutralinojs\api\debug\debug.cpp:14 ZionyasVan@ÎŇµÄWINDOWS10-1
INFO 2026-07-17 16:02:25,500 Reloading the application... D:\a\neutralinojs\neutralinojs\api\debug\debug.cpp:14 ZionyasVan@ÎŇµÄWINDOWS10-1
INFO 2026-07-17 16:07:07,076 Reloading the application... D:\a\neutralinojs\neutralinojs\api\debug\debug.cpp:14 ZionyasVan@ÎŇµÄWINDOWS10-1
INFO 2026-07-17 16:09:25,440 Auth info was exported to ./.tmp/auth_info.json D:\a\neutralinojs\neutralinojs\api\debug\debug.cpp:14 ZionyasVan@ÎŇµÄWINDOWS10-1
ERROR 2026-07-17 16:09:33,868 NE_RS_UNBLDRE: Unable to load application resource file /resources/.well-known/appspecific/com.chrome.devtools.json D:\a\neutralinojs\neutralinojs\api\debug\debug.cpp:17 ZionyasVan@ÎŇµÄWINDOWS10-1
ERROR 2026-07-17 16:09:35,244 NE_RS_UNBLDRE: Unable to load application resource file /resources/favicon.ico D:\a\neutralinojs\neutralinojs\api\debug\debug.cpp:17 ZionyasVan@ÎŇµÄWINDOWS10-1
INFO 2026-07-17 16:13:35,921 Reloading the application... D:\a\neutralinojs\neutralinojs\api\debug\debug.cpp:14 ZionyasVan@ÎŇµÄWINDOWS10-1
ERROR 2026-07-17 16:13:40,396 NE_RS_UNBLDRE: Unable to load application resource file /resources/.well-known/appspecific/com.chrome.devtools.json D:\a\neutralinojs\neutralinojs\api\debug\debug.cpp:17 ZionyasVan@ÎŇµÄWINDOWS10-1
INFO 2026-07-17 16:18:21,105 Reloading the application... D:\a\neutralinojs\neutralinojs\api\debug\debug.cpp:14 ZionyasVan@ÎŇµÄWINDOWS10-1
ERROR 2026-07-17 16:18:22,864 NE_RS_UNBLDRE: Unable to load application resource file /resources/.well-known/appspecific/com.chrome.devtools.json D:\a\neutralinojs\neutralinojs\api\debug\debug.cpp:17 ZionyasVan@ÎŇµÄWINDOWS10-1
INFO 2026-07-17 16:26:57,488 Reloading the application... D:\a\neutralinojs\neutralinojs\api\debug\debug.cpp:14 ZionyasVan@ÎŇµÄWINDOWS10-1
ERROR 2026-07-17 16:26:59,867 NE_RS_UNBLDRE: Unable to load application resource file /resources/.well-known/appspecific/com.chrome.devtools.json D:\a\neutralinojs\neutralinojs\api\debug\debug.cpp:17 ZionyasVan@ÎŇµÄWINDOWS10-1
INFO 2026-07-17 16:37:53,501 Reloading the application... D:\a\neutralinojs\neutralinojs\api\debug\debug.cpp:14 ZionyasVan@ÎŇµÄWINDOWS10-1
ERROR 2026-07-17 16:37:56,012 NE_RS_UNBLDRE: Unable to load application resource file /resources/.well-known/appspecific/com.chrome.devtools.json D:\a\neutralinojs\neutralinojs\api\debug\debug.cpp:17 ZionyasVan@ÎŇµÄWINDOWS10-1
INFO 2026-07-17 16:40:41,932 Reloading the application... D:\a\neutralinojs\neutralinojs\api\debug\debug.cpp:14 ZionyasVan@ÎŇµÄWINDOWS10-1
ERROR 2026-07-17 16:40:44,867 NE_RS_UNBLDRE: Unable to load application resource file /resources/.well-known/appspecific/com.chrome.devtools.json D:\a\neutralinojs\neutralinojs\api\debug\debug.cpp:17 ZionyasVan@ÎŇµÄWINDOWS10-1
INFO 2026-07-17 16:43:58,538 Reloading the application... D:\a\neutralinojs\neutralinojs\api\debug\debug.cpp:14 ZionyasVan@ÎŇµÄWINDOWS10-1
ERROR 2026-07-17 16:44:01,280 NE_RS_UNBLDRE: Unable to load application resource file /resources/.well-known/appspecific/com.chrome.devtools.json D:\a\neutralinojs\neutralinojs\api\debug\debug.cpp:17 ZionyasVan@ÎŇµÄWINDOWS10-1
INFO 2026-07-17 16:45:29,641 Reloading the application... D:\a\neutralinojs\neutralinojs\api\debug\debug.cpp:14 ZionyasVan@ÎŇµÄWINDOWS10-1
ERROR 2026-07-17 16:45:32,518 NE_RS_UNBLDRE: Unable to load application resource file /resources/.well-known/appspecific/com.chrome.devtools.json D:\a\neutralinojs\neutralinojs\api\debug\debug.cpp:17 ZionyasVan@ÎŇµÄWINDOWS10-1
INFO 2026-07-17 16:53:27,738 Reloading the application... D:\a\neutralinojs\neutralinojs\api\debug\debug.cpp:14 ZionyasVan@ÎŇµÄWINDOWS10-1
ERROR 2026-07-17 16:53:30,936 NE_RS_UNBLDRE: Unable to load application resource file /resources/.well-known/appspecific/com.chrome.devtools.json D:\a\neutralinojs\neutralinojs\api\debug\debug.cpp:17 ZionyasVan@ÎŇµÄWINDOWS10-1
INFO 2026-07-17 16:56:54,586 Reloading the application... D:\a\neutralinojs\neutralinojs\api\debug\debug.cpp:14 ZionyasVan@ÎŇµÄWINDOWS10-1
ERROR 2026-07-17 16:56:57,259 NE_RS_UNBLDRE: Unable to load application resource file /resources/.well-known/appspecific/com.chrome.devtools.json D:\a\neutralinojs\neutralinojs\api\debug\debug.cpp:17 ZionyasVan@ÎŇµÄWINDOWS10-1
